2023-08-20 17:28:29,169 [INFO] Activator:176 - 


2023-08-20 17:28:29,171 [INFO] Activator:177 - !SESSION log4j initialized
2023-08-20 17:28:32,642 [INFO] LogOutputStream:77 - [STDOUT_REDIRECT] 
2023-08-20 17:29:03,633 [ERROR] LogOutputStream:75 - [STDERR_REDIRECT] SLF4J: Failed to load class "org.slf4j.impl.StaticLoggerBinder".
2023-08-20 17:29:03,634 [ERROR] LogOutputStream:75 - [STDERR_REDIRECT] SLF4J: Defaulting to no-operation (NOP) logger implementation
2023-08-20 17:29:03,635 [ERROR] LogOutputStream:75 - [STDERR_REDIRECT] SLF4J: See http://www.slf4j.org/codes.html#StaticLoggerBinder for further details.
2023-08-20 17:29:15,626 [INFO] ApplicationProperties:184 - Using Application install path: C:\ST\STM32CubeIDE_1.12.0\STM32CubeIDE\plugins\com.st.stm32cube.common.mx_6.8.0.202302231600
2023-08-20 17:29:15,651 [INFO] DbMcusXml:78 - Set database path to: C:\ST\STM32CubeIDE_1.12.0\STM32CubeIDE\plugins\com.st.stm32cube.common.mx_6.8.0.202302231600\\db\/mcu/
2023-08-20 17:29:15,651 [INFO] ApiDb:274 - Set plugin database path to: C:\ST\STM32CubeIDE_1.12.0\STM32CubeIDE\plugins\com.st.stm32cube.common.mx_6.8.0.202302231600\\db\/plugins/boardmanager/
2023-08-20 17:29:15,653 [WARN] ApiDb:259 - Overriding images path with different value:  => C:\ST\STM32CubeIDE_1.12.0\STM32CubeIDE\plugins\com.st.stm32cube.common.mx_6.8.0.202302231600\\db\/plugins/mcufinder/images/
2023-08-20 17:29:15,695 [INFO] ApiDb:250 - Set database path to: C:\Users\phili\.stmcufinder\plugins\mcufinder//mcu/
2023-08-20 17:29:15,697 [INFO] DbMcusAds:125 - Set database path to: C:\Users\phili\.stmcufinder\plugins\mcufinder//mcu/
2023-08-20 17:29:15,700 [INFO] CrossReferenceDbSqlite:203 - Set database path to: C:\Users\phili\.stmcufinder\plugins\mcufinder//mcu/cs/
2023-08-20 17:29:15,920 [INFO] RulesReader:64 - Compatibility file has been processed (293 Rules)
2023-08-20 17:29:16,052 [INFO] DbMcusXml:78 - Set database path to: C:\ST\STM32CubeIDE_1.12.0\STM32CubeIDE\plugins\com.st.stm32cube.common.mx_6.8.0.202302231600\\db\/mcu/
2023-08-20 17:29:16,052 [INFO] ApiDb:274 - Set plugin database path to: C:\ST\STM32CubeIDE_1.12.0\STM32CubeIDE\plugins\com.st.stm32cube.common.mx_6.8.0.202302231600\\db\/plugins/boardmanager/
2023-08-20 17:29:16,052 [INFO] ApiDb:261 - Set plugin images path to: C:\ST\STM32CubeIDE_1.12.0\STM32CubeIDE\plugins\com.st.stm32cube.common.mx_6.8.0.202302231600\\db\/plugins/mcufinder/images/
2023-08-20 17:29:16,053 [WARN] DbFile:41 - Overriding database path with different value: C:\Users\phili\.stmcufinder\plugins\mcufinder/ => C:\Users\phili\.stmcufinder\plugins\mcufinder
2023-08-20 17:29:16,053 [INFO] ApiDb:250 - Set database path to: C:\Users\phili\.stmcufinder\plugins\mcufinder//mcu/
2023-08-20 17:29:16,053 [WARN] DbFile:41 - Overriding database path with different value: C:\Users\phili\.stmcufinder\plugins\mcufinder/ => C:\Users\phili\.stmcufinder\plugins\mcufinder
2023-08-20 17:29:16,053 [INFO] DbMcusAds:125 - Set database path to: C:\Users\phili\.stmcufinder\plugins\mcufinder//mcu/
2023-08-20 17:29:16,053 [WARN] DbFile:41 - Overriding database path with different value: C:\Users\phili\.stmcufinder\plugins\mcufinder/ => C:\Users\phili\.stmcufinder\plugins\mcufinder
2023-08-20 17:29:16,053 [WARN] DbFile:41 - Overriding database path with different value: C:\Users\phili\.stmcufinder\plugins\mcufinder/ => C:\Users\phili\.stmcufinder\plugins\mcufinder
2023-08-20 17:29:16,053 [INFO] CrossReferenceDbSqlite:203 - Set database path to: C:\Users\phili\.stmcufinder\plugins\mcufinder//mcu/cs/
2023-08-20 17:29:16,169 [INFO] MainPanel:253 - HeapMemory: 268435456
2023-08-20 17:29:16,280 [INFO] DbMcusXml:78 - Set database path to: C:\ST\STM32CubeIDE_1.12.0\STM32CubeIDE\plugins\com.st.stm32cube.common.mx_6.8.0.202302231600\\db\/mcu/
2023-08-20 17:29:16,280 [INFO] ApiDb:274 - Set plugin database path to: C:\ST\STM32CubeIDE_1.12.0\STM32CubeIDE\plugins\com.st.stm32cube.common.mx_6.8.0.202302231600\\db\/plugins/boardmanager/
2023-08-20 17:29:16,280 [INFO] ApiDb:261 - Set plugin images path to: C:\ST\STM32CubeIDE_1.12.0\STM32CubeIDE\plugins\com.st.stm32cube.common.mx_6.8.0.202302231600\\db\/plugins/mcufinder/images/
2023-08-20 17:29:16,280 [WARN] DbFile:41 - Overriding database path with different value: C:\Users\phili\.stmcufinder\plugins\mcufinder/ => C:\Users\phili\.stmcufinder\plugins\mcufinder
2023-08-20 17:29:16,280 [INFO] ApiDb:250 - Set database path to: C:\Users\phili\.stmcufinder\plugins\mcufinder//mcu/
2023-08-20 17:29:16,280 [WARN] DbFile:41 - Overriding database path with different value: C:\Users\phili\.stmcufinder\plugins\mcufinder/ => C:\Users\phili\.stmcufinder\plugins\mcufinder
2023-08-20 17:29:16,280 [INFO] DbMcusAds:125 - Set database path to: C:\Users\phili\.stmcufinder\plugins\mcufinder//mcu/
2023-08-20 17:29:16,280 [WARN] DbFile:41 - Overriding database path with different value: C:\Users\phili\.stmcufinder\plugins\mcufinder/ => C:\Users\phili\.stmcufinder\plugins\mcufinder
2023-08-20 17:29:16,280 [WARN] DbFile:41 - Overriding database path with different value: C:\Users\phili\.stmcufinder\plugins\mcufinder/ => C:\Users\phili\.stmcufinder\plugins\mcufinder
2023-08-20 17:29:16,280 [INFO] CrossReferenceDbSqlite:203 - Set database path to: C:\Users\phili\.stmcufinder\plugins\mcufinder//mcu/cs/
2023-08-20 17:29:16,314 [INFO] ApplicationProperties:184 - Using Application install path: C:\ST\STM32CubeIDE_1.12.0\STM32CubeIDE\plugins\com.st.stm32cube.common.mx_6.8.0.202302231600
2023-08-20 17:29:16,316 [INFO] PluginManage:196 - Search for loadable plugins [exclusion list=, ]
2023-08-20 17:29:16,319 [INFO] PluginManage:310 - Check plugin analytics
2023-08-20 17:29:26,093 [INFO] AnalyticsPlugin:253 - Accepted Software Licenses: 
2023-08-20 17:29:26,093 [INFO] AnalyticsPlugin:255 - Accepted CMSIS Pack Licenses: 
2023-08-20 17:29:26,093 [INFO] AnalyticsPlugin:257 - Accepted Firmware Licenses: 
2023-08-20 17:29:26,102 [INFO] PluginManage:359 - Loaded plugin analytics (category:tool,tabindex:-1)
2023-08-20 17:29:26,102 [INFO] PluginManage:310 - Check plugin cadmodel
2023-08-20 17:29:26,102 [INFO] CADModel:105 - Init CAD model plugin
2023-08-20 17:29:26,110 [INFO] PluginManage:359 - Loaded plugin cadmodel (category:power,tabindex:5)
2023-08-20 17:29:26,110 [INFO] PluginManage:310 - Check plugin clock
2023-08-20 17:29:26,120 [INFO] PluginManage:359 - Loaded plugin clock (category:base,tabindex:2)
2023-08-20 17:29:26,121 [INFO] PluginManage:310 - Check plugin ddr
2023-08-20 17:29:26,124 [INFO] PluginManage:359 - Loaded plugin ddr (category:tool,tabindex:6)
2023-08-20 17:29:26,124 [INFO] PluginManage:310 - Check plugin filemanager
2023-08-20 17:29:26,271 [INFO] PluginManage:359 - Loaded plugin filemanager (category:base,tabindex:10)
2023-08-20 17:29:26,271 [INFO] PluginManage:310 - Check plugin ipmanager
2023-08-20 17:29:26,281 [INFO] PluginManage:359 - Loaded plugin ipmanager (category:base,tabindex:5)
2023-08-20 17:29:26,281 [INFO] PluginManage:310 - Check plugin lpbam
2023-08-20 17:29:26,301 [INFO] PluginManage:359 - Loaded plugin lpbam (category:base,tabindex:0)
2023-08-20 17:29:26,301 [INFO] PluginManage:310 - Check plugin pinoutandconfiguration
2023-08-20 17:29:26,317 [INFO] PluginManage:359 - Loaded plugin pinoutandconfiguration (category:base,tabindex:1)
2023-08-20 17:29:26,317 [INFO] PluginManage:310 - Check plugin pinoutconfig
2023-08-20 17:29:26,405 [WARN] SupportedApi:132 - Cannot load RTOS API schema: s4s-elt-must-match.1: The content of 'definitions' must match (annotation?, (simpleType | complexType)?, (unique | key | keyref)*)). A problem was found starting at: attribute.
2023-08-20 17:29:26,580 [INFO] PluginManage:359 - Loaded plugin pinoutconfig (category:base,tabindex:0)
2023-08-20 17:29:26,580 [INFO] PluginManage:310 - Check plugin power
2023-08-20 17:29:26,605 [INFO] PluginManage:359 - Loaded plugin power (category:power,tabindex:4)
2023-08-20 17:29:26,605 [INFO] PluginManage:310 - Check plugin projectmanager
2023-08-20 17:29:26,621 [INFO] PluginManage:359 - Loaded plugin projectmanager (category:projectmanager,tabindex:3)
2023-08-20 17:29:26,621 [INFO] PluginManage:310 - Check plugin thirdparty
2023-08-20 17:29:26,833 [INFO] PluginManage:359 - Loaded plugin thirdparty (category:base,tabindex:-1)
2023-08-20 17:29:26,833 [WARN] IntegrityCheckThread:84 - waiting for thirdparty lock release [integrity check]
2023-08-20 17:29:26,834 [INFO] PluginManage:310 - Check plugin tools
2023-08-20 17:29:26,834 [INFO] IntegrityCheckThread:86 - entering critical section [integrity check]
2023-08-20 17:29:26,841 [INFO] PluginManage:359 - Loaded plugin tools (category:base,tabindex:7)
2023-08-20 17:29:26,842 [INFO] PluginManage:310 - Check plugin tutovideos
2023-08-20 17:29:26,843 [INFO] ThirdPartyUpdaterWithRetryManager:70 - Updater plugin not ready yet. [1/15]
2023-08-20 17:29:27,270 [INFO] PluginManage:359 - Loaded plugin tutovideos (category:base,tabindex:-1)
2023-08-20 17:29:27,270 [INFO] PluginManage:310 - Check plugin updater
2023-08-20 17:29:27,310 [INFO] PluginManage:359 - Loaded plugin updater (category:base,tabindex:12)
2023-08-20 17:29:27,310 [INFO] PluginManage:283 - PluginManage : Loaded plugins [15]
2023-08-20 17:29:27,917 [INFO] PinOutPanel:1499 - setPackage(No Configuration,No Configuration)
2023-08-20 17:29:28,060 [INFO] CADModel:165 - CPN selected for project level
2023-08-20 17:29:28,060 [INFO] CADModel:114 - Register for checkConnection events
2023-08-20 17:29:28,100 [INFO] IPUIPlugin:80 - create IPUIPlugin
2023-08-20 17:29:28,105 [INFO] PluginManager:220 - loadIPPluginJar : add adc
2023-08-20 17:29:28,111 [INFO] IPUIPlugin:80 - create IPUIPlugin
2023-08-20 17:29:28,111 [INFO] PluginManager:220 - loadIPPluginJar : add aes
2023-08-20 17:29:28,118 [INFO] IPUIPlugin:80 - create IPUIPlugin
2023-08-20 17:29:28,118 [INFO] PluginManager:220 - loadIPPluginJar : add can
2023-08-20 17:29:28,122 [INFO] IPUIPlugin:80 - create IPUIPlugin
2023-08-20 17:29:28,123 [INFO] PluginManager:220 - loadIPPluginJar : add comp
2023-08-20 17:29:28,128 [INFO] IPUIPlugin:80 - create IPUIPlugin
2023-08-20 17:29:28,128 [INFO] PluginManager:220 - loadIPPluginJar : add cryp
2023-08-20 17:29:28,133 [INFO] IPUIPlugin:80 - create IPUIPlugin
2023-08-20 17:29:28,134 [INFO] PluginManager:220 - loadIPPluginJar : add dfsdm
2023-08-20 17:29:28,149 [INFO] IPUIPlugin:80 - create IPUIPlugin
2023-08-20 17:29:28,150 [INFO] PluginManager:220 - loadIPPluginJar : add dma
2023-08-20 17:29:28,155 [INFO] IPUIPlugin:80 - create IPUIPlugin
2023-08-20 17:29:28,155 [INFO] PluginManager:220 - loadIPPluginJar : add dma3
2023-08-20 17:29:28,160 [INFO] IPUIPlugin:80 - create IPUIPlugin
2023-08-20 17:29:28,160 [INFO] PluginManager:220 - loadIPPluginJar : add fatfs
2023-08-20 17:29:28,170 [INFO] IPUIPlugin:80 - create IPUIPlugin
2023-08-20 17:29:28,170 [INFO] PluginManager:220 - loadIPPluginJar : add fmc
2023-08-20 17:29:28,180 [INFO] IPUIPlugin:80 - create IPUIPlugin
2023-08-20 17:29:28,180 [INFO] PluginManager:220 - loadIPPluginJar : add freertos
2023-08-20 17:29:28,185 [INFO] IPUIPlugin:80 - create IPUIPlugin
2023-08-20 17:29:28,185 [INFO] PluginManager:220 - loadIPPluginJar : add genericplugin
2023-08-20 17:29:28,190 [INFO] IPUIPlugin:80 - create IPUIPlugin
2023-08-20 17:29:28,190 [INFO] PluginManager:220 - loadIPPluginJar : add gfxmmu
2023-08-20 17:29:28,200 [INFO] IPUIPlugin:80 - create IPUIPlugin
2023-08-20 17:29:28,200 [INFO] PluginManager:220 - loadIPPluginJar : add gic
2023-08-20 17:29:28,210 [INFO] IPUIPlugin:80 - create IPUIPlugin
2023-08-20 17:29:28,210 [INFO] PluginManager:220 - loadIPPluginJar : add gpio
2023-08-20 17:29:28,219 [INFO] IPUIPlugin:80 - create IPUIPlugin
2023-08-20 17:29:28,219 [INFO] PluginManager:220 - loadIPPluginJar : add gtzc
2023-08-20 17:29:28,226 [INFO] IPUIPlugin:80 - create IPUIPlugin
2023-08-20 17:29:28,226 [INFO] PluginManager:220 - loadIPPluginJar : add hash
2023-08-20 17:29:28,232 [INFO] IPUIPlugin:80 - create IPUIPlugin
2023-08-20 17:29:28,233 [INFO] PluginManager:220 - loadIPPluginJar : add i2c
2023-08-20 17:29:28,239 [INFO] IPUIPlugin:80 - create IPUIPlugin
2023-08-20 17:29:28,239 [INFO] PluginManager:220 - loadIPPluginJar : add i2s
2023-08-20 17:29:28,247 [INFO] IPUIPlugin:80 - create IPUIPlugin
2023-08-20 17:29:28,247 [INFO] PluginManager:220 - loadIPPluginJar : add i3c
2023-08-20 17:29:28,270 [INFO] IPUIPlugin:80 - create IPUIPlugin
2023-08-20 17:29:28,270 [INFO] PluginManager:220 - loadIPPluginJar : add ipddr
2023-08-20 17:29:28,284 [INFO] IPUIPlugin:80 - create IPUIPlugin
2023-08-20 17:29:28,284 [INFO] PluginManager:220 - loadIPPluginJar : add linkedlist
2023-08-20 17:29:28,284 [INFO] IPUIPlugin:80 - create IPUIPlugin
2023-08-20 17:29:28,284 [INFO] PluginManager:220 - loadIPPluginJar : add lorawan
2023-08-20 17:29:28,290 [INFO] IPUIPlugin:80 - create IPUIPlugin
2023-08-20 17:29:28,290 [INFO] PluginManager:220 - loadIPPluginJar : add ltdc
2023-08-20 17:29:28,300 [INFO] IPUIPlugin:80 - create IPUIPlugin
2023-08-20 17:29:28,300 [INFO] PluginManager:220 - loadIPPluginJar : add mdma
2023-08-20 17:29:28,304 [INFO] IPUIPlugin:80 - create IPUIPlugin
2023-08-20 17:29:28,304 [INFO] PluginManager:220 - loadIPPluginJar : add nvic
2023-08-20 17:29:28,313 [INFO] IPUIPlugin:80 - create IPUIPlugin
2023-08-20 17:29:28,314 [INFO] PluginManager:220 - loadIPPluginJar : add opamp
2023-08-20 17:29:28,320 [INFO] IPUIPlugin:80 - create IPUIPlugin
2023-08-20 17:29:28,320 [INFO] PluginManager:220 - loadIPPluginJar : add openamp
2023-08-20 17:29:28,327 [INFO] IPUIPlugin:80 - create IPUIPlugin
2023-08-20 17:29:28,328 [INFO] PluginManager:220 - loadIPPluginJar : add pdm2pcm
2023-08-20 17:29:28,340 [INFO] IPUIPlugin:80 - create IPUIPlugin
2023-08-20 17:29:28,348 [INFO] PluginManager:220 - loadIPPluginJar : add plateformsettings
2023-08-20 17:29:28,352 [INFO] IPUIPlugin:80 - create IPUIPlugin
2023-08-20 17:29:28,352 [INFO] PluginManager:220 - loadIPPluginJar : add quadspi
2023-08-20 17:29:28,358 [INFO] IPUIPlugin:80 - create IPUIPlugin
2023-08-20 17:29:28,358 [INFO] PluginManager:220 - loadIPPluginJar : add resmgrutility
2023-08-20 17:29:28,364 [INFO] IPUIPlugin:80 - create IPUIPlugin
2023-08-20 17:29:28,364 [INFO] PluginManager:220 - loadIPPluginJar : add sai
2023-08-20 17:29:28,368 [INFO] IPUIPlugin:80 - create IPUIPlugin
2023-08-20 17:29:28,368 [INFO] PluginManager:220 - loadIPPluginJar : add spi
2023-08-20 17:29:28,377 [INFO] IPUIPlugin:80 - create IPUIPlugin
2023-08-20 17:29:28,377 [INFO] PluginManager:220 - loadIPPluginJar : add stm32_wpan
2023-08-20 17:29:28,380 [INFO] IPUIPlugin:80 - create IPUIPlugin
2023-08-20 17:29:28,380 [INFO] PluginManager:220 - loadIPPluginJar : add tim
2023-08-20 17:29:28,386 [INFO] IPUIPlugin:80 - create IPUIPlugin
2023-08-20 17:29:28,387 [INFO] PluginManager:220 - loadIPPluginJar : add touchsensing
2023-08-20 17:29:28,390 [INFO] IPUIPlugin:80 - create IPUIPlugin
2023-08-20 17:29:28,390 [INFO] PluginManager:220 - loadIPPluginJar : add tracer_emb
2023-08-20 17:29:28,390 [INFO] IPUIPlugin:80 - create IPUIPlugin
2023-08-20 17:29:28,390 [INFO] PluginManager:220 - loadIPPluginJar : add ts
2023-08-20 17:29:28,390 [INFO] IPUIPlugin:80 - create IPUIPlugin
2023-08-20 17:29:28,390 [INFO] PluginManager:220 - loadIPPluginJar : add tsc
2023-08-20 17:29:28,390 [INFO] IPUIPlugin:80 - create IPUIPlugin
2023-08-20 17:29:28,390 [INFO] PluginManager:220 - loadIPPluginJar : add ucpd
2023-08-20 17:29:28,400 [INFO] IPUIPlugin:80 - create IPUIPlugin
2023-08-20 17:29:28,400 [INFO] PluginManager:220 - loadIPPluginJar : add usart
2023-08-20 17:29:28,400 [INFO] IPUIPlugin:80 - create IPUIPlugin
2023-08-20 17:29:28,400 [INFO] PluginManager:220 - loadIPPluginJar : add usbx
2023-08-20 17:29:28,600 [INFO] CADModel:165 - CPN selected for project level
2023-08-20 17:29:28,600 [INFO] CADModel:114 - Register for checkConnection events
2023-08-20 17:29:28,600 [FATAL] Updater:308 - Updater called before beeing initialized
2023-08-20 17:29:28,600 [ERROR] CADModel:125 - Updater not yet initialized, retry later 
2023-08-20 17:29:28,821 [INFO] CADModel:165 - CPN selected for project level
2023-08-20 17:29:28,821 [INFO] CADModel:114 - Register for checkConnection events
2023-08-20 17:29:28,821 [FATAL] Updater:308 - Updater called before beeing initialized
2023-08-20 17:29:28,821 [ERROR] CADModel:125 - Updater not yet initialized, retry later 
2023-08-20 17:29:28,827 [FATAL] Updater:308 - Updater called before beeing initialized
2023-08-20 17:29:29,033 [FATAL] Updater:308 - Updater called before beeing initialized
2023-08-20 17:29:29,056 [INFO] DbMcusAds:53 - JSON generation date=Tue Mar 07 09:50:55 CET 2023 (1678179055335)
2023-08-20 17:29:29,056 [FATAL] Updater:308 - Updater called before beeing initialized
2023-08-20 17:29:29,154 [WARN] DetailPanel:346 - Failed to get advertising image, set to default
2023-08-20 17:29:29,395 [FATAL] Updater:308 - Updater called before beeing initialized
2023-08-20 17:29:29,398 [FATAL] Updater:308 - Updater called before beeing initialized
2023-08-20 17:29:29,399 [FATAL] Updater:308 - Updater called before beeing initialized
2023-08-20 17:29:29,399 [WARN] DetailPanel:346 - Failed to get advertising image, set to default
2023-08-20 17:29:29,401 [FATAL] Updater:308 - Updater called before beeing initialized
2023-08-20 17:29:29,500 [ERROR] Updater:1120 - MainUpdater not yet initialized. External WinMGr cannot be set.
2023-08-20 17:29:29,510 [INFO] Updater:1056 - Updater Version found : 6.8.0
2023-08-20 17:29:29,560 [INFO] ApplicationProperties:184 - Using Application install path: C:\ST\STM32CubeIDE_1.12.0\STM32CubeIDE\plugins\com.st.stm32cube.common.mx_6.8.0.202302231600
2023-08-20 17:29:29,855 [INFO] ThirdPartyUpdaterWithRetryManager:70 - Updater plugin not ready yet. [2/15]
2023-08-20 17:29:29,859 [INFO] MainUpdater:2854 - connection check result : 10
2023-08-20 17:29:29,861 [INFO] MainUpdater:283 - Updater Check For Update Now.
2023-08-20 17:29:29,861 [INFO] MicroXplorer:498 - Change Database Version : DB.6.0.80
2023-08-20 17:29:30,150 [INFO] CheckServerUpdateThread:120 - End of CheckServer Thread
2023-08-20 17:29:30,294 [INFO] MainUpdater:2854 - connection check result : 10
2023-08-20 17:29:30,310 [INFO] McuFinderGlobals:66 - Set McuFinderConnectedMode to true
2023-08-20 17:29:30,702 [INFO] ServerAccessManage:473 - Download File mcusAds.json._tmp_
2023-08-20 17:29:30,838 [INFO] LoadUrlFilesThread:156 - End of LoadUrlFiles Thread
2023-08-20 17:29:31,057 [INFO] ServerAccessManage:473 - Download File cube-finder-db.zip
2023-08-20 17:29:32,870 [WARN] MainUpdater:1187 - Updater busy. Cannot search thirdparties
2023-08-20 17:29:32,870 [INFO] ThirdPartyUpdaterWithRetryManager:96 - Updater plugin is busy. [1/15]
2023-08-20 17:29:35,890 [WARN] MainUpdater:1187 - Updater busy. Cannot search thirdparties
2023-08-20 17:29:35,890 [INFO] ThirdPartyUpdaterWithRetryManager:96 - Updater plugin is busy. [2/15]
2023-08-20 17:29:37,799 [INFO] FileExtend:240 - Unzip File : cube-finder-db.zip
2023-08-20 17:29:37,800 [INFO] FileExtend:255 - Standard Zip Deflate
2023-08-20 17:29:38,758 [INFO] LoadUrlFilesThread:156 - End of LoadUrlFiles Thread
2023-08-20 17:29:38,890 [WARN] MainUpdater:1187 - Updater busy. Cannot search thirdparties
2023-08-20 17:29:38,890 [INFO] ThirdPartyUpdaterWithRetryManager:96 - Updater plugin is busy. [3/15]
2023-08-20 17:29:39,155 [INFO] ServerAccessManage:473 - Download File crdb.zip
2023-08-20 17:29:39,708 [INFO] FileExtend:240 - Unzip File : crdb.zip
2023-08-20 17:29:39,708 [INFO] FileExtend:255 - Standard Zip Deflate
2023-08-20 17:29:39,958 [INFO] LoadUrlFilesThread:156 - End of LoadUrlFiles Thread
2023-08-20 17:29:40,143 [INFO] ServerAccessManage:473 - Download File tutoVideoDB.zip
2023-08-20 17:29:40,175 [INFO] FileExtend:240 - Unzip File : tutoVideoDB.zip
2023-08-20 17:29:40,176 [INFO] FileExtend:255 - Standard Zip Deflate
2023-08-20 17:29:40,321 [INFO] LoadUrlFilesThread:156 - End of LoadUrlFiles Thread
2023-08-20 17:29:40,331 [WARN] DbFile:41 - Overriding database path with different value: C:\Users\phili\.stmcufinder\plugins\mcufinder/ => C:\Users\phili\.stmcufinder\plugins\mcufinder
2023-08-20 17:29:40,495 [INFO] ServerAccessManage:473 - Download File api_config.json
2023-08-20 17:29:40,644 [INFO] LoadUrlFilesThread:156 - End of LoadUrlFiles Thread
2023-08-20 17:29:40,646 [INFO] DbMcusAds:53 - JSON generation date=Tue Mar 07 09:50:55 CET 2023 (1678179055114)
2023-08-20 17:29:40,694 [INFO] LoadUrlFilesThread:185 - End of LoadServerUrlFiles without Thread
2023-08-20 17:29:40,694 [INFO] TargetSelectorAdapter:259 - Refresh data is successful
2023-08-20 17:29:40,954 [INFO] ApiDb:581 - Connected to CubeFinder SQLite database (C:\Users\phili\.stmcufinder\plugins\mcufinder\mcu\cube-finder-db.db)
2023-08-20 17:29:41,123 [INFO] ApiDb:668 - CubeFinder database Data Model version=2.1
2023-08-20 17:29:41,123 [INFO] ApiDb:669 - CubeFinder database Configuration version=3.0.37
2023-08-20 17:29:41,123 [INFO] ApiDb:670 - CubeFinder database generation date=2023-08-09 (1691586011)
2023-08-20 17:29:41,124 [INFO] ApiDb:671 - CubeFinder database FW Pack versions=[FP-ATR-ASTRA1_V2.0.0, FP-SNS-FLIGHT1_V5.0.1, FP-SNS-FLIGHT1_V5.0.2, FP-SNS-MOTENV1_V4.3.1, FP-SNS-MOTENV1_V4.3.2, STM32Cube_FW_C0_V1.1.0, STM32Cube_FW_F4_V1.27.1, STM32Cube_FW_F7_V1.17.0, STM32Cube_FW_G0_V1.6.1, STM32Cube_FW_G4_V1.5.1, STM32Cube_FW_H5_V0.5.1, STM32Cube_FW_H5_V1.1.0, STM32Cube_FW_H7_V1.11.0, STM32Cube_FW_L0_V1.12.2, STM32Cube_FW_L5_V1.5.0, STM32Cube_FW_U5_V1.3.0, STM32Cube_FW_U5_V1.3.0RC4, STM32Cube_FW_WBA_V1.0.0RC1, STM32Cube_FW_WBA_V1.1.0, STM32Cube_FW_WBA_V1.1.0RC1, STM32Cube_FW_WB_V1.15.0RC1, STM32Cube_FW_WB_V1.16.0, STM32Cube_FW_WB_V1.16.0RC2, STM32Cube_FW_WB_V1.17.0, STM32Cube_FW_WL_V1.3.0, X-CUBE-ALGOBUILD_V1.3.0, X-CUBE-ALS_V1.0.1, X-CUBE-AZRTOS-F4_V1.1.0, X-CUBE-AZRTOS-F7_V1.1.0, X-CUBE-AZRTOS-G0_V1.1.0, X-CUBE-AZRTOS-G4_V2.0.0, X-CUBE-AZRTOS-H7_V3.1.0, X-CUBE-AZRTOS-L4_V1.0.0, X-CUBE-AZRTOS-L4_V2.0.0, X-CUBE-AZRTOS-L5_V1.1.0, X-CUBE-AZRTOS-WB_V1.1.0, X-CUBE-AZRTOS-WL_V2.0.0, X-CUBE-BLE1_V7.0.0, X-CUBE-BLE2_V3.3.0, X-CUBE-BLEMGR_V2.0.0, X-CUBE-EEPRMA1_V4.1.0, X-CUBE-FREERTOS_V1.1.0, X-CUBE-GNSS1_V6.0.0, X-CUBE-MEMS1_V9.1.0, X-CUBE-MEMS1_V9.4.0, X-CUBE-MEMS1_V9.6.0, X-CUBE-NFC4_V3.0.0, X-CUBE-NFC7_V1.0.0, X-CUBE-SFXS2LP1_V4.0.0, X-CUBE-SUBG2_V5.0.0, X-CUBE-TOF1_V3.3.1]
2023-08-20 17:29:42,331 [WARN] PackLoader:240 - Cannot read IP mode file for STMicroelectronics.X-CUBE-SMBUS.2.1.0
2023-08-20 17:29:42,432 [WARN] PackLoader:240 - Cannot read IP mode file for STMicroelectronics.X-CUBE-AZRTOS-F7.1.1.0
2023-08-20 17:29:42,488 [WARN] PackLoader:240 - Cannot read IP mode file for STMicroelectronics.FP-SNS-MOTENV1.4.3.2
2023-08-20 17:29:42,548 [WARN] PackLoader:240 - Cannot read IP mode file for STMicroelectronics.X-CUBE-BLE1.6.2.4
2023-08-20 17:29:42,591 [WARN] PackLoader:240 - Cannot read IP mode file for STMicroelectronics.FP-SNS-FLIGHT1.5.0.2
2023-08-20 17:29:42,615 [WARN] PackLoader:240 - Cannot read IP mode file for STMicroelectronics.X-CUBE-DISPLAY.3.0.0
2023-08-20 17:29:42,644 [WARN] PackLoader:240 - Cannot read IP mode file for STMicroelectronics.X-CUBE-BLE1.7.0.0
2023-08-20 17:29:42,684 [WARN] PackLoader:240 - Cannot read IP mode file for STMicroelectronics.X-CUBE-TOUCHGFX.4.22.0
2023-08-20 17:29:42,713 [INFO] LogOutputStream:77 - [STDOUT_REDIRECT] 1 : Invalid condition id : UX_CORESTACK_Condition cause : null
2023-08-20 17:29:42,714 [INFO] LogOutputStream:77 - [STDOUT_REDIRECT] 1 : Invalid condition id : UX_CORESTACK_Condition cause : null
2023-08-20 17:29:42,717 [INFO] LogOutputStream:77 - [STDOUT_REDIRECT] 1 : Invalid condition id : UX_CORESTACK_Condition cause : null
2023-08-20 17:29:42,720 [INFO] LogOutputStream:77 - [STDOUT_REDIRECT] 1 : Invalid condition id : UX_CORESTACK_Condition cause : null
2023-08-20 17:29:42,723 [INFO] LogOutputStream:77 - [STDOUT_REDIRECT] 1 : Invalid condition id : UX_CORESTACK_Condition cause : null
2023-08-20 17:29:42,736 [WARN] PackLoader:240 - Cannot read IP mode file for STMicroelectronics.X-CUBE-AZRTOS-WL.2.0.0
2023-08-20 17:29:42,771 [WARN] PackLoader:240 - Cannot read IP mode file for WES.I-CUBE-Cesium.1.3.0
2023-08-20 17:29:42,781 [WARN] PackLoader:240 - Cannot read IP mode file for STMicroelectronics.X-CUBE-BLE2.3.3.0
2023-08-20 17:29:42,790 [WARN] PackLoader:240 - Cannot read IP mode file for STMicroelectronics.X-CUBE-TOUCHGFX.4.21.3
2023-08-20 17:29:42,831 [WARN] PackLoader:240 - Cannot read IP mode file for STMicroelectronics.X-CUBE-ALGOBUILD.1.3.0
2023-08-20 17:29:42,887 [WARN] PackLoader:240 - Cannot read IP mode file for STMicroelectronics.X-CUBE-AZRTOS-G0.1.1.0
2023-08-20 17:29:42,911 [WARN] PackLoader:240 - Cannot read IP mode file for STMicroelectronics.X-CUBE-NFC4.3.0.0
2023-08-20 17:29:42,927 [WARN] PackLoader:240 - Cannot read IP mode file for STMicroelectronics.FP-ATR-SIGFOX1.3.2.0
2023-08-20 17:29:43,115 [WARN] PackLoader:240 - Cannot read IP mode file for STMicroelectronics.X-CUBE-MEMS1.9.5.0
2023-08-20 17:29:43,661 [WARN] PackLoader:240 - Cannot read IP mode file for SEGGER.I-CUBE-embOS.1.3.1
2023-08-20 17:29:43,785 [WARN] PackLoader:240 - Cannot read IP mode file for STMicroelectronics.X-CUBE-GNSS1.6.0.0
2023-08-20 17:29:43,836 [WARN] PackLoader:240 - Cannot read IP mode file for STMicroelectronics.X-CUBE-AZRTOS-F4.1.1.0
2023-08-20 17:29:43,864 [WARN] PackLoader:240 - Cannot read IP mode file for STMicroelectronics.X-CUBE-AZRTOS-L5.2.0.0
2023-08-20 17:29:43,973 [WARN] PackLoader:240 - Cannot read IP mode file for STMicroelectronics.X-CUBE-MEMS1.9.6.0
2023-08-20 17:29:44,547 [WARN] PackLoader:240 - Cannot read IP mode file for emotas.I-CUBE-CANOPEN.1.1.3
2023-08-20 17:29:44,565 [WARN] PackLoader:240 - Cannot read IP mode file for STMicroelectronics.X-CUBE-BLEMGR.2.0.0
2023-08-20 17:29:44,660 [WARN] ConditionMgr:438 - getConditionDescription Invalid condition id : UX DEVICE CLASS RTOS Condition cause : null
2023-08-20 17:29:44,661 [WARN] ConditionMgr:438 - getConditionDescription Invalid condition id : UX DEVICE CLASS RTOS Condition cause : null
2023-08-20 17:29:44,670 [WARN] PackLoader:240 - Cannot read IP mode file for STMicroelectronics.X-CUBE-AZRTOS-H7.3.1.0
2023-08-20 17:29:44,673 [WARN] ConditionMgr:1039 - genDependencies : Invalid condition id : UX DEVICE CLASS RTOS Condition cause : null
2023-08-20 17:29:44,674 [WARN] ConditionMgr:1039 - genDependencies : Invalid condition id : UX DEVICE CLASS RTOS Condition cause : null
2023-08-20 17:29:44,676 [WARN] ConditionMgr:1039 - genDependencies : Invalid condition id : UX DEVICE CLASS RTOS Condition cause : null
2023-08-20 17:29:44,677 [WARN] ConditionMgr:1039 - genDependencies : Invalid condition id : UX DEVICE CLASS RTOS Condition cause : null
2023-08-20 17:29:44,678 [WARN] ConditionMgr:1039 - genDependencies : Invalid condition id : UX DEVICE CLASS RTOS Condition cause : null
2023-08-20 17:29:44,690 [WARN] PackLoader:240 - Cannot read IP mode file for wolfSSL.I-CUBE-wolfSSL.5.5.4
2023-08-20 17:29:44,699 [WARN] PackLoader:240 - Cannot read IP mode file for STMicroelectronics.X-CUBE-NFC7.1.0.1
2023-08-20 17:29:44,720 [WARN] PackLoader:240 - Cannot read IP mode file for STMicroelectronics.X-CUBE-NFC7.1.0.0
2023-08-20 17:29:44,733 [WARN] PackLoader:240 - Cannot read IP mode file for STMicroelectronics.X-CUBE-EEPRMA1.4.1.0
2023-08-20 17:29:44,747 [WARN] PackLoader:240 - Cannot read IP mode file for STMicroelectronics.X-CUBE-AI.8.1.0
2023-08-20 17:29:44,799 [WARN] ConditionMgr:438 - getConditionDescription Invalid condition id : LAN8742 Phy interface Condition cause : null
2023-08-20 17:29:44,804 [WARN] PackLoader:240 - Cannot read IP mode file for STMicroelectronics.X-CUBE-AZRTOS-L4.2.0.0
2023-08-20 17:29:44,822 [WARN] ConditionMgr:1039 - genDependencies : Invalid condition id : LAN8742 Phy interface Condition cause : null
2023-08-20 17:29:44,823 [WARN] ConditionMgr:1039 - genDependencies : Invalid condition id : LAN8742 Phy interface Condition cause : null
2023-08-20 17:29:44,825 [WARN] ConditionMgr:1039 - genDependencies : Invalid condition id : LAN8742 Phy interface Condition cause : null
2023-08-20 17:29:44,842 [WARN] PackLoader:240 - Cannot read IP mode file for STMicroelectronics.X-CUBE-SFXS2LP1.4.0.0
2023-08-20 17:29:44,917 [WARN] PackLoader:240 - Cannot read IP mode file for STMicroelectronics.X-CUBE-AZRTOS-H7.3.0.0
2023-08-20 17:29:44,936 [WARN] PackLoader:240 - Cannot read IP mode file for STMicroelectronics.X-CUBE-ISPU.1.1.0
2023-08-20 17:29:44,951 [WARN] PackLoader:240 - Cannot read IP mode file for RoweBots.I-CUBE-UNISONRTOS.5.5.0-4
2023-08-20 17:29:44,960 [WARN] PackLoader:240 - Cannot read IP mode file for STMicroelectronics.X-CUBE-AI.8.0.0
2023-08-20 17:29:45,045 [WARN] ConditionMgr:438 - getConditionDescription Invalid condition id : UX DEVICE CLASS RTOS Condition cause : null
2023-08-20 17:29:45,050 [WARN] ConditionMgr:438 - getConditionDescription Invalid condition id : UX DEVICE CLASS RTOS Condition cause : null
2023-08-20 17:29:45,057 [WARN] PackLoader:240 - Cannot read IP mode file for STMicroelectronics.X-CUBE-AZRTOS-WB.2.0.0
2023-08-20 17:29:45,058 [WARN] ConditionMgr:1039 - genDependencies : Invalid condition id : UX DEVICE CLASS RTOS Condition cause : null
2023-08-20 17:29:45,060 [WARN] ConditionMgr:1039 - genDependencies : Invalid condition id : UX DEVICE CLASS RTOS Condition cause : null
2023-08-20 17:29:45,061 [WARN] ConditionMgr:1039 - genDependencies : Invalid condition id : UX DEVICE CLASS RTOS Condition cause : null
2023-08-20 17:29:45,062 [WARN] ConditionMgr:1039 - genDependencies : Invalid condition id : UX DEVICE CLASS RTOS Condition cause : null
2023-08-20 17:29:45,062 [WARN] ConditionMgr:1039 - genDependencies : Invalid condition id : UX DEVICE CLASS RTOS Condition cause : null
2023-08-20 17:29:45,090 [WARN] PackLoader:240 - Cannot read IP mode file for STMicroelectronics.X-CUBE-FREERTOS.1.0.0
2023-08-20 17:29:45,100 [WARN] PackLoader:240 - Cannot read IP mode file for STMicroelectronics.X-CUBE-FREERTOS.1.0.1
2023-08-20 17:29:45,142 [WARN] PackLoader:240 - Cannot read IP mode file for STMicroelectronics.X-CUBE-AZRTOS-L5.1.1.0
2023-08-20 17:29:45,173 [WARN] PackLoader:240 - Cannot read IP mode file for STMicroelectronics.X-CUBE-SUBG2.5.0.0
2023-08-20 17:29:45,240 [WARN] PackLoader:240 - Cannot read IP mode file for STMicroelectronics.X-CUBE-TOF1.3.3.1
2023-08-20 17:29:45,307 [WARN] PackLoader:240 - Cannot read IP mode file for STMicroelectronics.X-CUBE-AZRTOS-G4.2.0.0
2023-08-20 17:29:45,344 [WARN] PackLoader:240 - Cannot read IP mode file for STMicroelectronics.X-CUBE-TOF1.3.3.0
2023-08-20 17:29:45,372 [WARN] PackLoader:240 - Cannot read IP mode file for STMicroelectronics.FP-ATR-ASTRA1.1.1.1
2023-08-20 17:29:45,399 [WARN] PackLoader:240 - Cannot read IP mode file for STMicroelectronics.X-CUBE-AZRTOS-G4.1.0.0
2023-08-20 17:29:45,436 [WARN] PackLoader:240 - Cannot read IP mode file for STMicroelectronics.X-CUBE-AZRTOS-L4.1.0.0
2023-08-20 17:29:45,463 [WARN] PackLoader:240 - Cannot read IP mode file for STMicroelectronics.X-CUBE-AZRTOS-WL.1.0.0
2023-08-20 17:29:45,486 [WARN] PackLoader:240 - Cannot read IP mode file for portGmbH.I-Cube-SoM-uGOAL.1.1.0
2023-08-20 17:29:45,504 [WARN] PackLoader:240 - Cannot read IP mode file for STMicroelectronics.X-CUBE-ALS.1.0.1
2023-08-20 17:29:45,537 [WARN] PackLoader:240 - Cannot read IP mode file for STMicroelectronics.X-CUBE-AZRTOS-WB.1.1.0
2023-08-20 17:29:45,556 [WARN] PackLoader:240 - Cannot read IP mode file for STMicroelectronics.FP-ATR-ASTRA1.2.0.0
2023-08-20 17:29:45,558 [INFO] ThirdParty:978 - Integrity check success = true
2023-08-20 17:29:45,558 [INFO] IntegrityCheckThread:100 - exiting critical section [integrity check]
2023-08-20 17:29:45,558 [INFO] IntegrityCheckThread:103 - End integrity checks thread
2023-08-20 17:29:47,299 [INFO] ApiDb:240 - Found 297 in-development CPN: [B-G473E-ZEST1S, B-WB1M-WPAN1, B-WL5M-SUBG1, NUCLEO-C031C6, NUCLEO-H503RB, NUCLEO-H563ZI, NUCLEO-U545RE-Q, NUCLEO-U5A5ZJ-Q, NUCLEO-WBA52CG, STEVAL-PROTEUS1, STEVAL-STWINBX1, STM320518-EVAL, STM32C0116-DK, STM32C011D6Y3TR, STM32C011D6Y6TR, STM32C011F4P3, STM32C011F4P6, STM32C011F4U3, STM32C011F4U6TR, STM32C011F6P3, STM32C011F6P6, STM32C011F6U3, STM32C011F6U6TR, STM32C011J4M3, STM32C011J4M6, STM32C011J6M3, STM32C011J6M6, STM32C0316-DK, STM32C031C4T3, STM32C031C4T6, STM32C031C4U3, STM32C031C4U6, STM32C031C6T3, STM32C031C6T6, STM32C031C6U3, STM32C031C6U6, STM32C031F4P3, STM32C031F4P6, STM32C031F6P3, STM32C031F6P6, STM32C031G4U3, STM32C031G4U6, STM32C031G6U3, STM32C031G6U6, STM32C031K4T3, STM32C031K4T6, STM32C031K4U3, STM32C031K4U6, STM32C031K6T3, STM32C031K6T6, STM32C031K6U3, STM32C031K6U6, STM32G071K8TXN, STM32G071K8UXN, STM32G081GBU6N, STM32G081KBT6N, STM32G081KBUXN, STM32G0B1CCT6N, STM32G0B1KCT6, STM32G0B1NEY6TR, STM32G0B1RCT6N, STM32G0C1CCT6, STM32G0C1CCT6N, STM32G0C1CCU6N, STM32G0C1CET6N, STM32G0C1CEU6N, STM32G0C1KCT6, STM32G0C1NEY6TR, STM32G0C1RCI6N, STM32G0C1RCT6N, STM32G0C1REI6N, STM32G0C1RET6N, STM32G0C1VCI6, STM32G0C1VEI6, STM32G471CCT6, STM32G471CCU6, STM32G471CET3, STM32G471CET6, STM32G471CEU3, STM32G471CEU6, STM32G471MCT6, STM32G471MET3, STM32G471MET6, STM32G471MEY6TR, STM32G471QCT6, STM32G471QET3, STM32G471RCT6, STM32G471RET3, STM32G471RET6, STM32G471VCH6, STM32G471VCI6, STM32G471VCT6, STM32G471VEH3, STM32G471VEH6, STM32G471VEI3, STM32G471VEI6, STM32G471VET3, STM32G471VET6, STM32G474CCT6, STM32H503CBT6, STM32H503CBU6, STM32H503EBY6TR, STM32H503KBU6, STM32H503RBT6, STM32H562AGI6, STM32H562AII6, STM32H562IGK6, STM32H562IGT6, STM32H562IIK6, STM32H562IIT6, STM32H562RGT6, STM32H562RGV6, STM32H562RIT6, STM32H562RIV6, STM32H562VGT6, STM32H562VIT6, STM32H562ZGT6, STM32H562ZIT6, STM32H563AGI6, STM32H563AII3Q, STM32H563AII6, STM32H563IGK6, STM32H563IGT6, STM32H563IIK3Q, STM32H563IIK6, STM32H563IIT3Q, STM32H563IIT6, STM32H563MIY3QTR, STM32H563RGT6, STM32H563RGV6, STM32H563RIT6, STM32H563RIV6, STM32H563VGT6, STM32H563VIT3Q, STM32H563VIT6, STM32H563ZGT6, STM32H563ZIT3Q, STM32H563ZIT6, STM32H573AII3Q, STM32H573AII6, STM32H573I-DK, STM32H573IIK3Q, STM32H573IIK6, STM32H573IIT3Q, STM32H573IIT6, STM32H573MIY3QTR, STM32H573RIT6, STM32H573RIV6, STM32H573VIT3Q, STM32H573VIT6, STM32H573ZIT3Q, STM32H573ZIT6, STM32L4R5QGI6STR, STM32MP131AAE3, STM32MP131AAF3, STM32MP131AAG3, STM32MP131CAE3, STM32MP131CAF3, STM32MP131CAG3, STM32MP131DAE7, STM32MP131DAF7, STM32MP131DAG7, STM32MP131FAE7, STM32MP131FAF7, STM32MP131FAG7, STM32MP133AAE3, STM32MP133AAF3, STM32MP133AAG3, STM32MP133CAE3, STM32MP133CAF3, STM32MP133CAG3, STM32MP133DAE7, STM32MP133DAF7, STM32MP133DAG7, STM32MP133FAE7, STM32MP133FAF7, STM32MP133FAG7, STM32MP135AAE3, STM32MP135AAF3, STM32MP135AAG3, STM32MP135CAE3, STM32MP135CAF3, STM32MP135CAG3, STM32MP135DAE7, STM32MP135DAF7, STM32MP135DAG7, STM32MP135F-DK, STM32MP135FAE7, STM32MP135FAF7, STM32MP135FAF7T, STM32MP135FAF7U, STM32MP135FAG7, STM32U535CBT6, STM32U535CBT6Q, STM32U535CBU6, STM32U535CBU6Q, STM32U535CCT6, STM32U535CCT6Q, STM32U535CCU6, STM32U535CCU6Q, STM32U535CET6, STM32U535CET6Q, STM32U535CEU6, STM32U535CEU6Q, STM32U535JEY6QTR, STM32U535NCY6QTR, STM32U535NEY6QTR, STM32U535RBI6, STM32U535RBI6Q, STM32U535RBT6, STM32U535RBT6Q, STM32U535RCI6, STM32U535RCI6Q, STM32U535RCT6, STM32U535RCT6Q, STM32U535REI6, STM32U535REI6Q, STM32U535RET6, STM32U535RET6Q, STM32U535VCI6, STM32U535VCI6Q, STM32U535VCT6, STM32U535VCT6Q, STM32U535VEI6, STM32U535VEI6Q, STM32U535VET6, STM32U535VET6Q, STM32U545CET6, STM32U545CET6Q, STM32U545CEU6, STM32U545CEU6Q, STM32U545JEY6QTR, STM32U545NEY6QTR, STM32U545REI6, STM32U545REI6Q, STM32U545RET6, STM32U545RET6Q, STM32U545VEI6, STM32U545VEI6Q, STM32U545VET6, STM32U545VET6Q, STM32U595AIH6, STM32U595AIH6Q, STM32U595AJH6, STM32U595AJH6Q, STM32U595QII6, STM32U595QII6Q, STM32U595QJI6, STM32U595QJI6Q, STM32U595RIT6, STM32U595RIT6Q, STM32U595RJT6, STM32U595RJT6Q, STM32U595VIT6, STM32U595VIT6Q, STM32U595VJT6, STM32U595VJT6Q, STM32U595ZIT6, STM32U595ZIT6Q, STM32U595ZIY6QTR, STM32U595ZJT6, STM32U595ZJT6Q, STM32U595ZJY6QTR, STM32U599BJY6QTR, STM32U599NIH6Q, STM32U599NJH6Q, STM32U599VIT6Q, STM32U599VJT6, STM32U599VJT6Q, STM32U599ZIT6Q, STM32U599ZIY6QTR, STM32U599ZJT6Q, STM32U599ZJY6QTR, STM32U5A5AJH6, STM32U5A5AJH6Q, STM32U5A5QJI6, STM32U5A5QJI6Q, STM32U5A5RJT6, STM32U5A5RJT6Q, STM32U5A5VJT6, STM32U5A5VJT6Q, STM32U5A5ZJT6, STM32U5A5ZJT6Q, STM32U5A5ZJY6QTR, STM32U5A9BJY6QTR, STM32U5A9J-DK, STM32U5A9NJH6Q, STM32U5A9VJT6Q, STM32U5A9ZJT6Q, STM32U5A9ZJY6QTR, STM32WB1MMCH6, STM32WBA52CEU6, STM32WBA52CEU6T, STM32WBA52CGU6, STM32WBA52CGU6T, STM32WL5MOCH6, STM32WL5MOCH6TR]
2023-08-20 17:29:47,310 [INFO] DbMcus:216 - Found 3825 MCUs, 3825 are supported
2023-08-20 17:29:47,315 [INFO] ApiDb:423 - Load user favorites file C:\Users\phili/.stm32cubeide/favorites.mcus.txt: 1 item(s)
2023-08-20 17:29:47,315 [INFO] ApiDb:427 - User favorites MCUs=[STM32F303K8T6]
2023-08-20 17:29:47,316 [INFO] DbMcus:222 - Set 1 / 1 favorites MCUs
2023-08-20 17:29:47,906 [INFO] ApiDb:668 - CubeFinder database Data Model version=2.1
2023-08-20 17:29:47,906 [INFO] ApiDb:669 - CubeFinder database Configuration version=3.0.37
2023-08-20 17:29:47,906 [INFO] ApiDb:670 - CubeFinder database generation date=2023-08-09 (1691586011)
2023-08-20 17:29:47,906 [INFO] ApiDb:671 - CubeFinder database FW Pack versions=[FP-ATR-ASTRA1_V2.0.0, FP-SNS-FLIGHT1_V5.0.1, FP-SNS-FLIGHT1_V5.0.2, FP-SNS-MOTENV1_V4.3.1, FP-SNS-MOTENV1_V4.3.2, STM32Cube_FW_C0_V1.1.0, STM32Cube_FW_F4_V1.27.1, STM32Cube_FW_F7_V1.17.0, STM32Cube_FW_G0_V1.6.1, STM32Cube_FW_G4_V1.5.1, STM32Cube_FW_H5_V0.5.1, STM32Cube_FW_H5_V1.1.0, STM32Cube_FW_H7_V1.11.0, STM32Cube_FW_L0_V1.12.2, STM32Cube_FW_L5_V1.5.0, STM32Cube_FW_U5_V1.3.0, STM32Cube_FW_U5_V1.3.0RC4, STM32Cube_FW_WBA_V1.0.0RC1, STM32Cube_FW_WBA_V1.1.0, STM32Cube_FW_WBA_V1.1.0RC1, STM32Cube_FW_WB_V1.15.0RC1, STM32Cube_FW_WB_V1.16.0, STM32Cube_FW_WB_V1.16.0RC2, STM32Cube_FW_WB_V1.17.0, STM32Cube_FW_WL_V1.3.0, X-CUBE-ALGOBUILD_V1.3.0, X-CUBE-ALS_V1.0.1, X-CUBE-AZRTOS-F4_V1.1.0, X-CUBE-AZRTOS-F7_V1.1.0, X-CUBE-AZRTOS-G0_V1.1.0, X-CUBE-AZRTOS-G4_V2.0.0, X-CUBE-AZRTOS-H7_V3.1.0, X-CUBE-AZRTOS-L4_V1.0.0, X-CUBE-AZRTOS-L4_V2.0.0, X-CUBE-AZRTOS-L5_V1.1.0, X-CUBE-AZRTOS-WB_V1.1.0, X-CUBE-AZRTOS-WL_V2.0.0, X-CUBE-BLE1_V7.0.0, X-CUBE-BLE2_V3.3.0, X-CUBE-BLEMGR_V2.0.0, X-CUBE-EEPRMA1_V4.1.0, X-CUBE-FREERTOS_V1.1.0, X-CUBE-GNSS1_V6.0.0, X-CUBE-MEMS1_V9.1.0, X-CUBE-MEMS1_V9.4.0, X-CUBE-MEMS1_V9.6.0, X-CUBE-NFC4_V3.0.0, X-CUBE-NFC7_V1.0.0, X-CUBE-SFXS2LP1_V4.0.0, X-CUBE-SUBG2_V5.0.0, X-CUBE-TOF1_V3.3.1]
2023-08-20 17:29:47,999 [INFO] DbBoardsSqlite:226 - include board P-NUCLEO-WB55-NUCLEO as a kit item of type 'Nucleo-64'
2023-08-20 17:29:47,999 [INFO] DbBoardsSqlite:226 - include board P-NUCLEO-WB55-USBDONGLE as a kit item of type 'Nucleo USB Dongle'
2023-08-20 17:29:48,000 [INFO] DbBoardsSqlite:226 - include board STEVAL-IDP005V1 as a kit item of type 'Evaluation Board'
2023-08-20 17:29:48,000 [INFO] DbBoardsSqlite:226 - include board STEVAL-IDP005V2 as a kit item of type 'Evaluation Board'
2023-08-20 17:29:48,080 [INFO] ApiDb:240 - Found 297 in-development CPN: [B-G473E-ZEST1S, B-WB1M-WPAN1, B-WL5M-SUBG1, NUCLEO-C031C6, NUCLEO-H503RB, NUCLEO-H563ZI, NUCLEO-U545RE-Q, NUCLEO-U5A5ZJ-Q, NUCLEO-WBA52CG, STEVAL-PROTEUS1, STEVAL-STWINBX1, STM320518-EVAL, STM32C0116-DK, STM32C011D6Y3TR, STM32C011D6Y6TR, STM32C011F4P3, STM32C011F4P6, STM32C011F4U3, STM32C011F4U6TR, STM32C011F6P3, STM32C011F6P6, STM32C011F6U3, STM32C011F6U6TR, STM32C011J4M3, STM32C011J4M6, STM32C011J6M3, STM32C011J6M6, STM32C0316-DK, STM32C031C4T3, STM32C031C4T6, STM32C031C4U3, STM32C031C4U6, STM32C031C6T3, STM32C031C6T6, STM32C031C6U3, STM32C031C6U6, STM32C031F4P3, STM32C031F4P6, STM32C031F6P3, STM32C031F6P6, STM32C031G4U3, STM32C031G4U6, STM32C031G6U3, STM32C031G6U6, STM32C031K4T3, STM32C031K4T6, STM32C031K4U3, STM32C031K4U6, STM32C031K6T3, STM32C031K6T6, STM32C031K6U3, STM32C031K6U6, STM32G071K8TXN, STM32G071K8UXN, STM32G081GBU6N, STM32G081KBT6N, STM32G081KBUXN, STM32G0B1CCT6N, STM32G0B1KCT6, STM32G0B1NEY6TR, STM32G0B1RCT6N, STM32G0C1CCT6, STM32G0C1CCT6N, STM32G0C1CCU6N, STM32G0C1CET6N, STM32G0C1CEU6N, STM32G0C1KCT6, STM32G0C1NEY6TR, STM32G0C1RCI6N, STM32G0C1RCT6N, STM32G0C1REI6N, STM32G0C1RET6N, STM32G0C1VCI6, STM32G0C1VEI6, STM32G471CCT6, STM32G471CCU6, STM32G471CET3, STM32G471CET6, STM32G471CEU3, STM32G471CEU6, STM32G471MCT6, STM32G471MET3, STM32G471MET6, STM32G471MEY6TR, STM32G471QCT6, STM32G471QET3, STM32G471RCT6, STM32G471RET3, STM32G471RET6, STM32G471VCH6, STM32G471VCI6, STM32G471VCT6, STM32G471VEH3, STM32G471VEH6, STM32G471VEI3, STM32G471VEI6, STM32G471VET3, STM32G471VET6, STM32G474CCT6, STM32H503CBT6, STM32H503CBU6, STM32H503EBY6TR, STM32H503KBU6, STM32H503RBT6, STM32H562AGI6, STM32H562AII6, STM32H562IGK6, STM32H562IGT6, STM32H562IIK6, STM32H562IIT6, STM32H562RGT6, STM32H562RGV6, STM32H562RIT6, STM32H562RIV6, STM32H562VGT6, STM32H562VIT6, STM32H562ZGT6, STM32H562ZIT6, STM32H563AGI6, STM32H563AII3Q, STM32H563AII6, STM32H563IGK6, STM32H563IGT6, STM32H563IIK3Q, STM32H563IIK6, STM32H563IIT3Q, STM32H563IIT6, STM32H563MIY3QTR, STM32H563RGT6, STM32H563RGV6, STM32H563RIT6, STM32H563RIV6, STM32H563VGT6, STM32H563VIT3Q, STM32H563VIT6, STM32H563ZGT6, STM32H563ZIT3Q, STM32H563ZIT6, STM32H573AII3Q, STM32H573AII6, STM32H573I-DK, STM32H573IIK3Q, STM32H573IIK6, STM32H573IIT3Q, STM32H573IIT6, STM32H573MIY3QTR, STM32H573RIT6, STM32H573RIV6, STM32H573VIT3Q, STM32H573VIT6, STM32H573ZIT3Q, STM32H573ZIT6, STM32L4R5QGI6STR, STM32MP131AAE3, STM32MP131AAF3, STM32MP131AAG3, STM32MP131CAE3, STM32MP131CAF3, STM32MP131CAG3, STM32MP131DAE7, STM32MP131DAF7, STM32MP131DAG7, STM32MP131FAE7, STM32MP131FAF7, STM32MP131FAG7, STM32MP133AAE3, STM32MP133AAF3, STM32MP133AAG3, STM32MP133CAE3, STM32MP133CAF3, STM32MP133CAG3, STM32MP133DAE7, STM32MP133DAF7, STM32MP133DAG7, STM32MP133FAE7, STM32MP133FAF7, STM32MP133FAG7, STM32MP135AAE3, STM32MP135AAF3, STM32MP135AAG3, STM32MP135CAE3, STM32MP135CAF3, STM32MP135CAG3, STM32MP135DAE7, STM32MP135DAF7, STM32MP135DAG7, STM32MP135F-DK, STM32MP135FAE7, STM32MP135FAF7, STM32MP135FAF7T, STM32MP135FAF7U, STM32MP135FAG7, STM32U535CBT6, STM32U535CBT6Q, STM32U535CBU6, STM32U535CBU6Q, STM32U535CCT6, STM32U535CCT6Q, STM32U535CCU6, STM32U535CCU6Q, STM32U535CET6, STM32U535CET6Q, STM32U535CEU6, STM32U535CEU6Q, STM32U535JEY6QTR, STM32U535NCY6QTR, STM32U535NEY6QTR, STM32U535RBI6, STM32U535RBI6Q, STM32U535RBT6, STM32U535RBT6Q, STM32U535RCI6, STM32U535RCI6Q, STM32U535RCT6, STM32U535RCT6Q, STM32U535REI6, STM32U535REI6Q, STM32U535RET6, STM32U535RET6Q, STM32U535VCI6, STM32U535VCI6Q, STM32U535VCT6, STM32U535VCT6Q, STM32U535VEI6, STM32U535VEI6Q, STM32U535VET6, STM32U535VET6Q, STM32U545CET6, STM32U545CET6Q, STM32U545CEU6, STM32U545CEU6Q, STM32U545JEY6QTR, STM32U545NEY6QTR, STM32U545REI6, STM32U545REI6Q, STM32U545RET6, STM32U545RET6Q, STM32U545VEI6, STM32U545VEI6Q, STM32U545VET6, STM32U545VET6Q, STM32U595AIH6, STM32U595AIH6Q, STM32U595AJH6, STM32U595AJH6Q, STM32U595QII6, STM32U595QII6Q, STM32U595QJI6, STM32U595QJI6Q, STM32U595RIT6, STM32U595RIT6Q, STM32U595RJT6, STM32U595RJT6Q, STM32U595VIT6, STM32U595VIT6Q, STM32U595VJT6, STM32U595VJT6Q, STM32U595ZIT6, STM32U595ZIT6Q, STM32U595ZIY6QTR, STM32U595ZJT6, STM32U595ZJT6Q, STM32U595ZJY6QTR, STM32U599BJY6QTR, STM32U599NIH6Q, STM32U599NJH6Q, STM32U599VIT6Q, STM32U599VJT6, STM32U599VJT6Q, STM32U599ZIT6Q, STM32U599ZIY6QTR, STM32U599ZJT6Q, STM32U599ZJY6QTR, STM32U5A5AJH6, STM32U5A5AJH6Q, STM32U5A5QJI6, STM32U5A5QJI6Q, STM32U5A5RJT6, STM32U5A5RJT6Q, STM32U5A5VJT6, STM32U5A5VJT6Q, STM32U5A5ZJT6, STM32U5A5ZJT6Q, STM32U5A5ZJY6QTR, STM32U5A9BJY6QTR, STM32U5A9J-DK, STM32U5A9NJH6Q, STM32U5A9VJT6Q, STM32U5A9ZJT6Q, STM32U5A9ZJY6QTR, STM32WB1MMCH6, STM32WBA52CEU6, STM32WBA52CEU6T, STM32WBA52CGU6, STM32WBA52CGU6T, STM32WL5MOCH6, STM32WL5MOCH6TR]
2023-08-20 17:29:48,305 [INFO] BoardInfo:880 - No configuration file found for board P-NUCLEO-WB55
2023-08-20 17:29:48,305 [INFO] DbBoards:157 - Kit is not supported: P-NUCLEO-WB55
2023-08-20 17:29:48,310 [INFO] BoardInfo:880 - No configuration file found for board STEVAL-BFA001V1B
2023-08-20 17:29:48,310 [INFO] DbBoards:157 - Kit is not supported: STEVAL-BFA001V1B
2023-08-20 17:29:48,310 [INFO] BoardInfo:880 - No configuration file found for board STEVAL-BFA001V2B
2023-08-20 17:29:48,310 [INFO] DbBoards:157 - Kit is not supported: STEVAL-BFA001V2B
2023-08-20 17:29:48,324 [INFO] BoardInfo:880 - No configuration file found for board STEVAL-SMARTAG2
2023-08-20 17:29:48,324 [INFO] DbBoards:157 - Board is not supported: STEVAL-SMARTAG2
2023-08-20 17:29:48,550 [INFO] DbBoards:161 - Found 188 boards, 184 are supported
2023-08-20 17:29:48,560 [INFO] ApiDb:423 - Load user favorites file C:\Users\phili/.stm32cubeide/favorites.boards.txt: 1 item(s)
2023-08-20 17:29:48,560 [INFO] ApiDb:427 - User favorites Boards=[NUCLEO-F303K8]
2023-08-20 17:29:48,560 [INFO] DbBoards:190 - Set 1 / 1 favorites Boards
2023-08-20 17:29:48,560 [INFO] ApiDb:668 - CubeFinder database Data Model version=2.1
2023-08-20 17:29:48,560 [INFO] ApiDb:669 - CubeFinder database Configuration version=3.0.37
2023-08-20 17:29:48,560 [INFO] ApiDb:670 - CubeFinder database generation date=2023-08-09 (1691586011)
2023-08-20 17:29:48,560 [INFO] ApiDb:671 - CubeFinder database FW Pack versions=[FP-ATR-ASTRA1_V2.0.0, FP-SNS-FLIGHT1_V5.0.1, FP-SNS-FLIGHT1_V5.0.2, FP-SNS-MOTENV1_V4.3.1, FP-SNS-MOTENV1_V4.3.2, STM32Cube_FW_C0_V1.1.0, STM32Cube_FW_F4_V1.27.1, STM32Cube_FW_F7_V1.17.0, STM32Cube_FW_G0_V1.6.1, STM32Cube_FW_G4_V1.5.1, STM32Cube_FW_H5_V0.5.1, STM32Cube_FW_H5_V1.1.0, STM32Cube_FW_H7_V1.11.0, STM32Cube_FW_L0_V1.12.2, STM32Cube_FW_L5_V1.5.0, STM32Cube_FW_U5_V1.3.0, STM32Cube_FW_U5_V1.3.0RC4, STM32Cube_FW_WBA_V1.0.0RC1, STM32Cube_FW_WBA_V1.1.0, STM32Cube_FW_WBA_V1.1.0RC1, STM32Cube_FW_WB_V1.15.0RC1, STM32Cube_FW_WB_V1.16.0, STM32Cube_FW_WB_V1.16.0RC2, STM32Cube_FW_WB_V1.17.0, STM32Cube_FW_WL_V1.3.0, X-CUBE-ALGOBUILD_V1.3.0, X-CUBE-ALS_V1.0.1, X-CUBE-AZRTOS-F4_V1.1.0, X-CUBE-AZRTOS-F7_V1.1.0, X-CUBE-AZRTOS-G0_V1.1.0, X-CUBE-AZRTOS-G4_V2.0.0, X-CUBE-AZRTOS-H7_V3.1.0, X-CUBE-AZRTOS-L4_V1.0.0, X-CUBE-AZRTOS-L4_V2.0.0, X-CUBE-AZRTOS-L5_V1.1.0, X-CUBE-AZRTOS-WB_V1.1.0, X-CUBE-AZRTOS-WL_V2.0.0, X-CUBE-BLE1_V7.0.0, X-CUBE-BLE2_V3.3.0, X-CUBE-BLEMGR_V2.0.0, X-CUBE-EEPRMA1_V4.1.0, X-CUBE-FREERTOS_V1.1.0, X-CUBE-GNSS1_V6.0.0, X-CUBE-MEMS1_V9.1.0, X-CUBE-MEMS1_V9.4.0, X-CUBE-MEMS1_V9.6.0, X-CUBE-NFC4_V3.0.0, X-CUBE-NFC7_V1.0.0, X-CUBE-SFXS2LP1_V4.0.0, X-CUBE-SUBG2_V5.0.0, X-CUBE-TOF1_V3.3.1]
2023-08-20 17:29:50,350 [INFO] DbExamplesSqlite:376 - Ignored 27 examples not supported by CubeIDE
2023-08-20 17:29:50,350 [INFO] DbExamplesSqlite:377 - Found 7231 examples active
2023-08-20 17:29:50,350 [INFO] DbExamplesSqlite:378 - Found 677 examples obsolete
2023-08-20 17:29:50,352 [INFO] DbExamplesSqlite:379 - Found 0 examples under development
2023-08-20 17:29:50,352 [INFO] DbExamplesSqlite:380 - Found 74 examples not building
2023-08-20 17:29:50,357 [INFO] DbExamples:125 - Found 7278 examples
2023-08-20 17:29:50,421 [ERROR] DbExamples:208 - Found 22 examples with invalid data (board or MCU)
2023-08-20 17:29:50,422 [INFO] DbExamples:222 - Found 91 boards with related examples
2023-08-20 17:29:50,425 [INFO] DbExamples:235 - Found 77 MCUs with related examples
2023-08-20 17:29:50,470 [INFO] ApiDb:414 - User favorites file not found: C:\Users\phili/.stm32cubeide/favorites.examples.txt
2023-08-20 17:29:50,471 [INFO] DbExamples:250 - Set 0 / 0 favorites Examples
2023-08-20 17:29:50,986 [INFO] McuFinderGlobals:66 - Set McuFinderConnectedMode to true
2023-08-20 17:29:51,006 [INFO] MultiScanPanel:200 - Auto-refresh data requested => check proxy status ongoing
2023-08-20 17:29:51,016 [INFO] FinderPluginLoader:95 - Searching for filters in installed packs
2023-08-20 17:29:54,415 [INFO] LoadUrlFilesThread:185 - End of LoadServerUrlFiles without Thread
2023-08-20 17:29:54,445 [INFO] DetailPanel:341 - Set advertising image to C:/Users/phili/STM32Cube/Repository/\en.prom-stm32h5-mcu-finder.jpg
2023-08-20 17:30:11,624 [INFO] McuFinderGlobals:66 - Set McuFinderConnectedMode to true
2023-08-20 17:30:11,626 [INFO] ApiDb:448 - Save user favorites file C:\Users\phili/.stm32cubeide/favorites.mcus.txt: 1 item(s)
2023-08-20 17:30:11,626 [INFO] ApiDb:452 - User favorites MCUs=[STM32F303K8T6]
2023-08-20 17:30:17,580 [INFO] MainUpdater:2854 - connection check result : 10
2023-08-20 17:30:17,700 [INFO] McuFinderGlobals:66 - Set McuFinderConnectedMode to true
2023-08-20 17:30:17,704 [INFO] MultiScanPanel:200 - Auto-refresh data requested => check proxy status ongoing
2023-08-20 17:30:17,704 [INFO] FinderPluginLoader:95 - Searching for filters in installed packs
2023-08-20 17:30:18,703 [INFO] LoadUrlFilesThread:185 - End of LoadServerUrlFiles without Thread
2023-08-20 17:30:18,703 [INFO] DetailPanel:341 - Set advertising image to C:/Users/phili/STM32Cube/Repository/\en.prom-stm32h5-mcu-finder.jpg
2023-08-20 17:30:31,375 [INFO] ApiDb:581 - Connected to CubeFinder SQLite database (C:\Users\phili\.stmcufinder\plugins\mcufinder\mcu\cube-finder-db.db)
2023-08-20 17:30:40,310 [INFO] MultiScanPanel:200 - Auto-refresh data requested => check proxy status ongoing
2023-08-20 17:30:40,467 [INFO] LoadUrlFilesThread:185 - End of LoadServerUrlFiles without Thread
2023-08-20 17:30:40,467 [INFO] DetailPanel:341 - Set advertising image to C:/Users/phili/STM32Cube/Repository/\en.prom-stm32h5-mcu-finder.jpg
2023-08-20 17:34:14,574 [INFO] MainUpdater:2854 - connection check result : 10
2023-08-20 17:34:14,574 [INFO] MainUpdater:2854 - connection check result : 10
2023-08-20 17:34:14,599 [INFO] MicroXplorer:468 - Change Database Path : 
2023-08-20 17:34:14,599 [INFO] MicroXplorer:498 - Change Database Version : DB.6.0.80
2023-08-20 17:34:14,599 [WARN] ThirdParty:871 - waiting for thirdparty lock release [close project]
2023-08-20 17:34:14,599 [INFO] ThirdParty:873 - entering critical section [close project]
2023-08-20 17:34:14,599 [INFO] ThirdParty:883 - exiting critical section [close project]
2023-08-20 17:34:14,605 [INFO] PinOutPanel:1499 - setPackage(No Configuration,No Configuration)
2023-08-20 17:34:14,609 [INFO] UtilMem:75 - Begin LoadConfig() Used Memory: 534894680 Bytes (694157312)
2023-08-20 17:34:14,616 [INFO] MicroXplorer:468 - Change Database Path : 
2023-08-20 17:34:14,616 [INFO] MicroXplorer:498 - Change Database Version : DB.6.0.80
2023-08-20 17:34:14,616 [INFO] OpenFileManager:308 - Change cursor
2023-08-20 17:34:14,764 [INFO] Mcu:1937 - Initializing MCU STM32F303K8Tx STM32F303K8Tx 
2023-08-20 17:34:14,764 [INFO] Mcu:1950 - No CPN specified => set CPN to STM32F303K8T6
2023-08-20 17:34:16,255 [INFO] Context:659 - Trying to add GPIOservice into a context  which must be forbidden
2023-08-20 17:34:16,704 [INFO] ImportTextPane:194 - (OptionalMessage_ERROR) Unable to find key (Mcu.ThirdPartyNb) in loaded IOC file
2023-08-20 17:34:16,704 [INFO] ImportTextPane:194 - (OptionalMessage_ERROR) Unable to find key (Mcu.PinsNb) in loaded IOC file
2023-08-20 17:34:16,704 [INFO] ImportTextPane:194 - (OptionalMessage_ERROR) Unable to find key (Mcu.IPNb) in loaded IOC file
2023-08-20 17:34:17,009 [INFO] RtosManager:555 - Registered RTOS mode: class=CMSIS, group=RTOS, mode=CMSIS_V1, owner=FREERTOS
2023-08-20 17:34:17,009 [INFO] RtosManager:555 - Registered RTOS mode: class=CMSIS, group=RTOS2, mode=CMSIS_V2, owner=FREERTOS
2023-08-20 17:34:17,010 [INFO] RtosManager:555 - Registered RTOS mode: class=RTOS, group=Core, mode=CMSIS_V1, owner=FREERTOS
2023-08-20 17:34:17,010 [INFO] RtosManager:555 - Registered RTOS mode: class=RTOS, group=Core, mode=CMSIS_V2, owner=FREERTOS
2023-08-20 17:34:17,011 [WARN] ModelIntegratedComponent:184 - Missing modes for component STMicroelectronics:FreeRTOS:0.0.1:STMicroelectronics:RTOS:FreeRTOS:Core:::10.2.0:
2023-08-20 17:34:17,044 [WARN] ModelIntegratedComponent:63 - No mode defined for component null
2023-08-20 17:34:17,044 [WARN] ModelIntegratedComponent:63 - No mode defined for component null
2023-08-20 17:34:17,044 [WARN] ModelIntegratedComponent:63 - No mode defined for component null
2023-08-20 17:34:17,045 [WARN] ModelIntegratedComponent:63 - No mode defined for component null
2023-08-20 17:34:17,045 [WARN] ModelIntegratedComponent:63 - No mode defined for component null
2023-08-20 17:34:17,045 [WARN] ModelIntegratedComponent:63 - No mode defined for component null
2023-08-20 17:34:17,045 [WARN] ModelIntegratedComponent:63 - No mode defined for component null
2023-08-20 17:34:17,045 [WARN] ModelIntegratedComponent:63 - No mode defined for component null
2023-08-20 17:34:17,045 [WARN] ModelIntegratedComponent:63 - No mode defined for component null
2023-08-20 17:34:17,045 [WARN] ModelIntegratedComponent:63 - No mode defined for component null
2023-08-20 17:34:17,045 [WARN] ModelIntegratedComponent:63 - No mode defined for component null
2023-08-20 17:34:17,045 [WARN] ModelIntegratedComponent:63 - No mode defined for component null
2023-08-20 17:34:17,045 [WARN] ModelIntegratedComponent:63 - No mode defined for component null
2023-08-20 17:34:17,045 [WARN] ModelIntegratedComponent:63 - No mode defined for component null
2023-08-20 17:34:17,045 [WARN] ModelIntegratedComponent:63 - No mode defined for component null
2023-08-20 17:34:17,046 [WARN] ModelIntegratedComponent:63 - No mode defined for component null
2023-08-20 17:34:17,046 [WARN] ModelIntegratedComponent:63 - No mode defined for component null
2023-08-20 17:34:17,046 [WARN] ModelIntegratedComponent:63 - No mode defined for component null
2023-08-20 17:34:17,046 [WARN] ModelIntegratedComponent:63 - No mode defined for component null
2023-08-20 17:34:17,046 [WARN] ModelIntegratedComponent:63 - No mode defined for component null
2023-08-20 17:34:17,046 [WARN] ModelIntegratedComponent:63 - No mode defined for component null
2023-08-20 17:34:17,046 [WARN] ModelIntegratedComponent:63 - No mode defined for component null
2023-08-20 17:34:17,046 [WARN] ModelIntegratedComponent:63 - No mode defined for component null
2023-08-20 17:34:17,047 [WARN] ModelIntegratedComponent:63 - No mode defined for component null
2023-08-20 17:34:17,047 [WARN] ModelIntegratedComponent:63 - No mode defined for component null
2023-08-20 17:34:17,047 [WARN] ModelIntegratedComponent:63 - No mode defined for component null
2023-08-20 17:34:17,047 [WARN] ModelIntegratedComponent:63 - No mode defined for component null
2023-08-20 17:34:17,047 [WARN] ModelIntegratedComponent:63 - No mode defined for component null
2023-08-20 17:34:17,047 [WARN] ModelIntegratedComponent:63 - No mode defined for component null
2023-08-20 17:34:17,047 [WARN] ModelIntegratedComponent:63 - No mode defined for component null
2023-08-20 17:34:17,047 [WARN] ModelIntegratedComponent:63 - No mode defined for component null
2023-08-20 17:34:17,047 [WARN] ModelIntegratedComponent:63 - No mode defined for component null
2023-08-20 17:34:17,047 [WARN] ModelIntegratedComponent:63 - No mode defined for component null
2023-08-20 17:34:17,281 [INFO] ThirdPartyModel:298 - Start build external matchings
2023-08-20 17:34:18,579 [INFO] ThirdPartyModel:316 - End build external matchings
2023-08-20 17:34:18,903 [INFO] UtilMem:75 - End LoadConfig() Used Memory: 567031368 Bytes (694157312)
2023-08-20 17:34:18,921 [WARN] ThirdParty:833 - waiting for thirdparty lock release [change project]
2023-08-20 17:34:18,921 [INFO] ThirdParty:835 - entering critical section [change project]
2023-08-20 17:34:18,921 [INFO] ThirdParty:1030 - CMSIS Pack Vendor :STMicroelectronics X-CUBE-ISPU 1.1.0
2023-08-20 17:34:18,922 [INFO] ThirdParty:1030 - CMSIS Pack Vendor :RoweBots I-CUBE-UNISONRTOS 5.5.0-4
2023-08-20 17:34:18,922 [INFO] ThirdParty:1030 - CMSIS Pack Vendor :STMicroelectronics X-CUBE-GNSS1 6.0.0
2023-08-20 17:34:18,922 [INFO] ThirdParty:1030 - CMSIS Pack Vendor :STMicroelectronics USB_HOST 2.0.0
2023-08-20 17:34:18,922 [INFO] ThirdParty:1030 - CMSIS Pack Vendor :STMicroelectronics X-CUBE-AZRTOS-F4 1.1.0
2023-08-20 17:34:18,922 [INFO] ThirdParty:1030 - CMSIS Pack Vendor :STMicroelectronics LIBJPEG 8.0.0
2023-08-20 17:34:18,922 [INFO] ThirdParty:1030 - CMSIS Pack Vendor :STMicroelectronics X-CUBE-SMBUS 2.1.0
2023-08-20 17:34:18,922 [INFO] ThirdParty:1030 - CMSIS Pack Vendor :STMicroelectronics USB_DEVICE 3.0.0
2023-08-20 17:34:18,922 [INFO] ThirdParty:1030 - CMSIS Pack Vendor :STMicroelectronics X-CUBE-AI 8.0.0
2023-08-20 17:34:18,922 [INFO] ThirdParty:1030 - CMSIS Pack Vendor :STMicroelectronics X-CUBE-AZRTOS-WB 2.0.0
2023-08-20 17:34:18,922 [INFO] ThirdParty:1030 - CMSIS Pack Vendor :STMicroelectronics X-CUBE-FREERTOS 1.0.0
2023-08-20 17:34:18,923 [INFO] ThirdParty:1030 - CMSIS Pack Vendor :STMicroelectronics X-CUBE-FREERTOS 1.0.1
2023-08-20 17:34:18,923 [INFO] ThirdParty:1030 - CMSIS Pack Vendor :STMicroelectronics X-CUBE-TOUCHGFX 4.21.3
2023-08-20 17:34:18,923 [INFO] ThirdParty:1030 - CMSIS Pack Vendor :STMicroelectronics X-CUBE-AZRTOS-F7 1.1.0
2023-08-20 17:34:18,923 [INFO] ThirdParty:1030 - CMSIS Pack Vendor :STMicroelectronics X-CUBE-AZRTOS-L5 2.0.0
2023-08-20 17:34:18,923 [INFO] ThirdParty:1030 - CMSIS Pack Vendor :STMicroelectronics USB_DEVICE 2.0.0
2023-08-20 17:34:18,923 [INFO] ThirdParty:1030 - CMSIS Pack Vendor :STMicroelectronics X-CUBE-MEMS1 9.6.0
2023-08-20 17:34:18,923 [INFO] ThirdParty:1030 - CMSIS Pack Vendor :STMicroelectronics FP-SNS-MOTENV1 4.3.2
2023-08-20 17:34:18,923 [INFO] ThirdParty:1030 - CMSIS Pack Vendor :STMicroelectronics X-CUBE-ALGOBUILD 1.3.0
2023-08-20 17:34:18,923 [INFO] ThirdParty:1030 - CMSIS Pack Vendor :STMicroelectronics X-CUBE-BLE1 6.2.4
2023-08-20 17:34:18,923 [INFO] ThirdParty:1030 - CMSIS Pack Vendor :STMicroelectronics X-CUBE-AZRTOS-L5 1.1.0
2023-08-20 17:34:18,924 [INFO] ThirdParty:1030 - CMSIS Pack Vendor :STMicroelectronics FreeRTOS 0.0.1
2023-08-20 17:34:18,924 [INFO] ThirdParty:1030 - CMSIS Pack Vendor :STMicroelectronics X-CUBE-AZRTOS-G0 1.1.0
2023-08-20 17:34:18,924 [INFO] ThirdParty:1030 - CMSIS Pack Vendor :emotas I-CUBE-CANOPEN 1.1.3
2023-08-20 17:34:18,924 [INFO] ThirdParty:1030 - CMSIS Pack Vendor :STMicroelectronics X-CUBE-BLEMGR 2.0.0
2023-08-20 17:34:18,924 [INFO] ThirdParty:1030 - CMSIS Pack Vendor :STMicroelectronics X-CUBE-NFC4 3.0.0
2023-08-20 17:34:18,924 [INFO] ThirdParty:1030 - CMSIS Pack Vendor :STMicroelectronics X-CUBE-SUBG2 5.0.0
2023-08-20 17:34:18,924 [INFO] ThirdParty:1030 - CMSIS Pack Vendor :STMicroelectronics STM32_WPAN 1.0.0
2023-08-20 17:34:18,924 [INFO] ThirdParty:1030 - CMSIS Pack Vendor :STMicroelectronics lwIP 2.0.3
2023-08-20 17:34:18,924 [INFO] ThirdParty:1030 - CMSIS Pack Vendor :STMicroelectronics FP-SNS-FLIGHT1 5.0.2
2023-08-20 17:34:18,924 [INFO] ThirdParty:1030 - CMSIS Pack Vendor :STMicroelectronics USB_HOST 1.0.0
2023-08-20 17:34:18,924 [INFO] ThirdParty:1030 - CMSIS Pack Vendor :STMicroelectronics X-CUBE-TOF1 3.3.1
2023-08-20 17:34:18,924 [INFO] ThirdParty:1030 - CMSIS Pack Vendor :STMicroelectronics X-CUBE-AZRTOS-G4 2.0.0
2023-08-20 17:34:18,924 [INFO] ThirdParty:1030 - CMSIS Pack Vendor :STMicroelectronics PDM2PCM 3.1.0
2023-08-20 17:34:18,924 [INFO] ThirdParty:1030 - CMSIS Pack Vendor :STMicroelectronics X-CUBE-AZRTOS-H7 3.1.0
2023-08-20 17:34:18,924 [INFO] ThirdParty:1030 - CMSIS Pack Vendor :STMicroelectronics X-CUBE-TOF1 3.3.0
2023-08-20 17:34:18,924 [INFO] ThirdParty:1030 - CMSIS Pack Vendor :STMicroelectronics FP-ATR-ASTRA1 1.1.1
2023-08-20 17:34:18,924 [INFO] ThirdParty:1030 - CMSIS Pack Vendor :STMicroelectronics PDM2PCM 3.3.0
2023-08-20 17:34:18,924 [INFO] ThirdParty:1030 - CMSIS Pack Vendor :STMicroelectronics X-CUBE-DISPLAY 3.0.0
2023-08-20 17:34:18,924 [INFO] ThirdParty:1030 - CMSIS Pack Vendor :STMicroelectronics X-CUBE-BLE1 7.0.0
2023-08-20 17:34:18,924 [INFO] ThirdParty:1030 - CMSIS Pack Vendor :STMicroelectronics FP-ATR-SIGFOX1 3.2.0
2023-08-20 17:34:18,924 [INFO] ThirdParty:1030 - CMSIS Pack Vendor :STMicroelectronics X-CUBE-AZRTOS-G4 1.0.0
2023-08-20 17:34:18,924 [INFO] ThirdParty:1030 - CMSIS Pack Vendor :wolfSSL I-CUBE-wolfSSL 5.5.4
2023-08-20 17:34:18,925 [INFO] ThirdParty:1030 - CMSIS Pack Vendor :STMicroelectronics X-CUBE-AZRTOS-L4 1.0.0
2023-08-20 17:34:18,925 [INFO] ThirdParty:1030 - CMSIS Pack Vendor :STMicroelectronics HAL Drivers 0.0.0
2023-08-20 17:34:18,925 [INFO] ThirdParty:1030 - CMSIS Pack Vendor :STMicroelectronics MBEDTLS 2.16.2
2023-08-20 17:34:18,925 [INFO] ThirdParty:1030 - CMSIS Pack Vendor :STMicroelectronics X-CUBE-TOUCHGFX 4.22.0
2023-08-20 17:34:18,925 [INFO] ThirdParty:1030 - CMSIS Pack Vendor :STMicroelectronics X-CUBE-NFC7 1.0.1
2023-08-20 17:34:18,925 [INFO] ThirdParty:1030 - CMSIS Pack Vendor :STMicroelectronics MBEDTLS 2.14.1
2023-08-20 17:34:18,925 [INFO] ThirdParty:1030 - CMSIS Pack Vendor :STMicroelectronics X-CUBE-NFC7 1.0.0
2023-08-20 17:34:18,925 [INFO] ThirdParty:1030 - CMSIS Pack Vendor :STMicroelectronics X-CUBE-AZRTOS-WL 1.0.0
2023-08-20 17:34:18,925 [INFO] ThirdParty:1030 - CMSIS Pack Vendor :STMicroelectronics X-CUBE-EEPRMA1 4.1.0
2023-08-20 17:34:18,925 [INFO] ThirdParty:1030 - CMSIS Pack Vendor :portGmbH I-Cube-SoM-uGOAL 1.1.0
2023-08-20 17:34:18,925 [INFO] ThirdParty:1030 - CMSIS Pack Vendor :STMicroelectronics X-CUBE-ALS 1.0.1
2023-08-20 17:34:18,925 [INFO] ThirdParty:1030 - CMSIS Pack Vendor :STMicroelectronics X-CUBE-MEMS1 9.5.0
2023-08-20 17:34:18,925 [INFO] ThirdParty:1030 - CMSIS Pack Vendor :STMicroelectronics ThreadX 1.0.0
2023-08-20 17:34:18,925 [INFO] ThirdParty:1030 - CMSIS Pack Vendor :STMicroelectronics X-CUBE-AZRTOS-WB 1.1.0
2023-08-20 17:34:18,925 [INFO] ThirdParty:1030 - CMSIS Pack Vendor :STMicroelectronics X-CUBE-AZRTOS-WL 2.0.0
2023-08-20 17:34:18,925 [INFO] ThirdParty:1030 - CMSIS Pack Vendor :SEGGER I-CUBE-embOS 1.3.1
2023-08-20 17:34:18,925 [INFO] ThirdParty:1030 - CMSIS Pack Vendor :STMicroelectronics USB_DEVICE 1.0.0
2023-08-20 17:34:18,925 [INFO] ThirdParty:1030 - CMSIS Pack Vendor :STMicroelectronics X-CUBE-AI 8.1.0
2023-08-20 17:34:18,925 [INFO] ThirdParty:1030 - CMSIS Pack Vendor :STMicroelectronics X-CUBE-AZRTOS-L4 2.0.0
2023-08-20 17:34:18,925 [INFO] ThirdParty:1030 - CMSIS Pack Vendor :STMicroelectronics ThreadX 0.0.2
2023-08-20 17:34:18,926 [INFO] ThirdParty:1030 - CMSIS Pack Vendor :WES I-CUBE-Cesium 1.3.0
2023-08-20 17:34:18,926 [INFO] ThirdParty:1030 - CMSIS Pack Vendor :STMicroelectronics FP-ATR-ASTRA1 2.0.0
2023-08-20 17:34:18,926 [INFO] ThirdParty:1030 - CMSIS Pack Vendor :STMicroelectronics lwIP 2.1.2
2023-08-20 17:34:18,926 [INFO] ThirdParty:1030 - CMSIS Pack Vendor :STMicroelectronics X-CUBE-SFXS2LP1 4.0.0
2023-08-20 17:34:18,926 [INFO] ThirdParty:1030 - CMSIS Pack Vendor :STMicroelectronics X-CUBE-BLE2 3.3.0
2023-08-20 17:34:18,926 [INFO] ThirdParty:1030 - CMSIS Pack Vendor :STMicroelectronics PDM2PCM 3.2.0
2023-08-20 17:34:18,926 [INFO] ThirdParty:1030 - CMSIS Pack Vendor :STMicroelectronics X-CUBE-AZRTOS-H7 3.0.0
2023-08-20 17:34:18,926 [INFO] ThirdParty:841 - exiting critical section [change project]
2023-08-20 17:34:19,312 [INFO] PinOutPanel:1499 - setPackage(No Configuration,No Configuration)
2023-08-20 17:34:19,314 [INFO] PinOutPanel:1499 - setPackage(STM32F303K8Tx,LQFP32)
2023-08-20 17:34:21,101 [INFO] UtilMem:75 - Before build in PCC Used Memory: 526000792 Bytes (694157312)
2023-08-20 17:34:22,276 [INFO] UtilMem:75 - After build in PCC Used Memory: 544401192 Bytes (694157312)
2023-08-20 17:34:22,315 [INFO] IPUIPlugin:80 - create IPUIPlugin
2023-08-20 17:34:22,315 [INFO] IPUIPlugin:80 - create IPUIPlugin
2023-08-20 17:34:22,315 [INFO] IPUIPlugin:80 - create IPUIPlugin
2023-08-20 17:34:22,315 [INFO] IPUIPlugin:80 - create IPUIPlugin
2023-08-20 17:34:22,315 [INFO] IPUIPlugin:80 - create IPUIPlugin
2023-08-20 17:34:22,315 [INFO] IPUIPlugin:80 - create IPUIPlugin
2023-08-20 17:34:22,315 [INFO] IPUIPlugin:80 - create IPUIPlugin
2023-08-20 17:34:22,315 [INFO] IPUIPlugin:80 - create IPUIPlugin
2023-08-20 17:34:22,315 [INFO] IPUIPlugin:80 - create IPUIPlugin
2023-08-20 17:34:22,315 [INFO] IPUIPlugin:80 - create IPUIPlugin
2023-08-20 17:34:22,315 [INFO] IPUIPlugin:80 - create IPUIPlugin
2023-08-20 17:34:22,315 [INFO] IPUIPlugin:80 - create IPUIPlugin
2023-08-20 17:34:22,315 [INFO] IPUIPlugin:80 - create IPUIPlugin
2023-08-20 17:34:22,319 [INFO] IPUIPlugin:80 - create IPUIPlugin
2023-08-20 17:34:22,319 [INFO] IPUIPlugin:80 - create IPUIPlugin
2023-08-20 17:34:22,320 [INFO] IPUIPlugin:80 - create IPUIPlugin
2023-08-20 17:34:22,320 [INFO] IPUIPlugin:80 - create IPUIPlugin
2023-08-20 17:34:22,320 [INFO] IPUIPlugin:80 - create IPUIPlugin
2023-08-20 17:34:22,320 [INFO] IPUIPlugin:80 - create IPUIPlugin
2023-08-20 17:34:22,320 [INFO] IPUIPlugin:80 - create IPUIPlugin
2023-08-20 17:34:22,320 [INFO] IPUIPlugin:80 - create IPUIPlugin
2023-08-20 17:34:22,320 [INFO] IPUIPlugin:80 - create IPUIPlugin
2023-08-20 17:34:22,320 [INFO] IPUIPlugin:80 - create IPUIPlugin
2023-08-20 17:34:22,320 [INFO] IPUIPlugin:80 - create IPUIPlugin
2023-08-20 17:34:22,320 [INFO] IPUIPlugin:80 - create IPUIPlugin
2023-08-20 17:34:22,320 [INFO] IPUIPlugin:80 - create IPUIPlugin
2023-08-20 17:34:22,320 [INFO] IPUIPlugin:80 - create IPUIPlugin
2023-08-20 17:34:22,320 [INFO] IPUIPlugin:80 - create IPUIPlugin
2023-08-20 17:34:22,320 [INFO] IPUIPlugin:80 - create IPUIPlugin
2023-08-20 17:34:22,320 [INFO] IPUIPlugin:80 - create IPUIPlugin
2023-08-20 17:34:22,320 [INFO] IPUIPlugin:80 - create IPUIPlugin
2023-08-20 17:34:22,320 [INFO] IPUIPlugin:80 - create IPUIPlugin
2023-08-20 17:34:22,320 [INFO] IPUIPlugin:80 - create IPUIPlugin
2023-08-20 17:34:22,320 [INFO] IPUIPlugin:80 - create IPUIPlugin
2023-08-20 17:34:22,563 [INFO] CADModel:165 - CPN selected for project levelSTM32F303K8T6
2023-08-20 17:34:22,563 [INFO] CADModel:114 - Register for checkConnection events
2023-08-20 17:34:22,616 [INFO] OpenFileManager:328 - Restore cursor
2023-08-20 17:34:23,640 [INFO] UtilMem:75 - End SaveConfig() Used Memory: 552325184 Bytes (694157312)
2023-08-20 17:34:23,709 [INFO] UtilMem:75 - End SaveConfig() Used Memory: 564908096 Bytes (694157312)
2023-08-20 17:34:24,532 [INFO] BlockDiagram:2759 - set Specific Code input for plugin: NVIC
2023-08-20 17:34:24,533 [INFO] BlockDiagram:2759 - set Specific Code input for plugin: RCC
2023-08-20 17:34:24,536 [INFO] CodeGenerator:793 - code generatio: config db path: C:\ST\STM32CubeIDE_1.12.0\STM32CubeIDE\plugins\com.st.stm32cube.common.mx_6.8.0.202302231600\\db\
2023-08-20 17:34:25,404 [INFO] CodeEngine:255 - oldGeneratedFile, C:\Users\phili\Desktop\ITS_2020_BAC2_Microcntroller\04_STM32F303_Nucleo-32\STMProjekt\MXTmpFiles\license.tmp_save
2023-08-20 17:34:26,102 [INFO] CodeEngine:279 - Generated code: C:\Users\phili\Desktop\ITS_2020_BAC2_Microcntroller\04_STM32F303_Nucleo-32\STMProjekt\MXTmpFiles\license.tmp
2023-08-20 17:34:26,135 [INFO] CodeEngine:255 - oldGeneratedFile, C:\Users\phili\Desktop\ITS_2020_BAC2_Microcntroller\04_STM32F303_Nucleo-32\STMProjekt\Core\Src\stm32f3xx_it.c_save
2023-08-20 17:34:26,390 [INFO] CodeEngine:279 - Generated code: C:\Users\phili\Desktop\ITS_2020_BAC2_Microcntroller\04_STM32F303_Nucleo-32\STMProjekt\Core\Src\stm32f3xx_it.c
2023-08-20 17:34:26,403 [INFO] CodeEngine:255 - oldGeneratedFile, C:\Users\phili\Desktop\ITS_2020_BAC2_Microcntroller\04_STM32F303_Nucleo-32\STMProjekt\Core\Inc\stm32f3xx_it.h_save
2023-08-20 17:34:26,589 [INFO] CodeEngine:279 - Generated code: C:\Users\phili\Desktop\ITS_2020_BAC2_Microcntroller\04_STM32F303_Nucleo-32\STMProjekt\Core\Inc\stm32f3xx_it.h
2023-08-20 17:34:26,759 [INFO] CodeEngine:255 - oldGeneratedFile, C:\Users\phili\Desktop\ITS_2020_BAC2_Microcntroller\04_STM32F303_Nucleo-32\STMProjekt\Core\Src\stm32f3xx_hal_msp.c_save
2023-08-20 17:34:27,009 [INFO] CodeEngine:279 - Generated code: C:\Users\phili\Desktop\ITS_2020_BAC2_Microcntroller\04_STM32F303_Nucleo-32\STMProjekt\Core\Src\stm32f3xx_hal_msp.c
2023-08-20 17:34:27,023 [INFO] CodeEngine:255 - oldGeneratedFile, C:\Users\phili\Desktop\ITS_2020_BAC2_Microcntroller\04_STM32F303_Nucleo-32\STMProjekt\MXTmpFiles\system.tmp_save
2023-08-20 17:34:27,208 [INFO] CodeEngine:279 - Generated code: C:\Users\phili\Desktop\ITS_2020_BAC2_Microcntroller\04_STM32F303_Nucleo-32\STMProjekt\MXTmpFiles\system.tmp
2023-08-20 17:34:27,262 [INFO] CodeEngine:311 - oldGeneratedFile, C:\Users\phili\Desktop\ITS_2020_BAC2_Microcntroller\04_STM32F303_Nucleo-32\STMProjekt\Core\Inc\stm32f3xx_hal_conf.h_save
2023-08-20 17:34:27,521 [INFO] CodeEngine:335 - Generated code: C:\Users\phili\Desktop\ITS_2020_BAC2_Microcntroller\04_STM32F303_Nucleo-32\STMProjekt\Core\Inc\stm32f3xx_hal_conf.h
2023-08-20 17:34:27,691 [INFO] CodeEngine:255 - oldGeneratedFile, C:\Users\phili\Desktop\ITS_2020_BAC2_Microcntroller\04_STM32F303_Nucleo-32\STMProjekt\Core\Inc\main.h_save
2023-08-20 17:34:28,171 [INFO] CodeEngine:279 - Generated code: C:\Users\phili\Desktop\ITS_2020_BAC2_Microcntroller\04_STM32F303_Nucleo-32\STMProjekt\Core\Inc\main.h
2023-08-20 17:34:28,195 [INFO] CodeEngine:255 - oldGeneratedFile, C:\Users\phili\Desktop\ITS_2020_BAC2_Microcntroller\04_STM32F303_Nucleo-32\STMProjekt\Core\Src\main.c_save
2023-08-20 17:34:28,649 [INFO] CodeEngine:279 - Generated code: C:\Users\phili\Desktop\ITS_2020_BAC2_Microcntroller\04_STM32F303_Nucleo-32\STMProjekt\Core\Src\main.c
2023-08-20 17:34:30,278 [INFO] ProjectBuilder:2996 - Time for Copy HAL[1] : 285mS.
2023-08-20 17:34:30,300 [INFO] ProjectBuilder:4304 - Project Generator version: 3.19.2
2023-08-20 17:34:30,994 [INFO] ConfigFileManager:1483 - The Die is : DIE438
2023-08-20 17:34:31,031 [INFO] ApiDbMcu:507 - Load IP Config File for FATFS
2023-08-20 17:34:31,054 [INFO] ApiDbMcu:507 - Load IP Config File for FREERTOS
2023-08-20 17:34:31,106 [INFO] ApiDbMcu:507 - Load IP Config File for TOUCHSENSING
2023-08-20 17:34:33,624 [INFO] LogOutputStream:77 - [STDOUT_REDIRECT] 
2023-08-20 17:34:38,248 [INFO] ProjectBuilder:4505 - Time for Generating toolchain IDE Files: 7947mS.
2023-08-20 17:34:38,250 [INFO] ProjectBuilder:2867 - Time for Copy CMSIS : 1mS.
2023-08-20 17:34:38,258 [INFO] ProjectBuilder:2867 - Time for Copy CMSIS : 1mS.
2023-08-20 17:34:39,856 [INFO] McuFinderGlobals:66 - Set McuFinderConnectedMode to true
2023-08-20 17:34:39,862 [INFO] ApiDb:448 - Save user favorites file C:\Users\phili/.stm32cubeide/favorites.mcus.txt: 1 item(s)
2023-08-20 17:34:39,863 [INFO] ApiDb:452 - User favorites MCUs=[STM32F303K8T6]
2023-08-20 17:34:39,865 [INFO] ApiDb:448 - Save user favorites file C:\Users\phili/.stm32cubeide/favorites.boards.txt: 1 item(s)
2023-08-20 17:34:39,865 [INFO] ApiDb:452 - User favorites Boards=[NUCLEO-F303K8]
2023-08-20 17:48:20,100 [INFO] UtilMem:75 - End SaveConfig() Used Memory: 657731456 Bytes (843055104)
2023-08-20 17:54:43,849 [INFO] UtilMem:75 - End SaveConfig() Used Memory: 703508912 Bytes (843055104)
2023-08-20 17:54:45,985 [INFO] UtilMem:75 - End SaveConfig() Used Memory: 722383280 Bytes (843055104)
2023-08-20 17:54:49,854 [INFO] UtilMem:75 - End SaveConfig() Used Memory: 550915472 Bytes (843055104)
2023-08-20 17:54:50,255 [INFO] BlockDiagram:2759 - set Specific Code input for plugin: NVIC
2023-08-20 17:54:50,255 [INFO] BlockDiagram:2759 - set Specific Code input for plugin: GPIO
2023-08-20 17:54:50,255 [INFO] BlockDiagram:2759 - set Specific Code input for plugin: RCC
2023-08-20 17:54:50,265 [INFO] CodeGenerator:793 - code generatio: config db path: C:\ST\STM32CubeIDE_1.12.0\STM32CubeIDE\plugins\com.st.stm32cube.common.mx_6.8.0.202302231600\\db\
2023-08-20 17:54:50,459 [INFO] CodeEngine:255 - oldGeneratedFile, C:\Users\phili\Desktop\ITS_2020_BAC2_Microcntroller\04_STM32F303_Nucleo-32\STMProjekt\MXTmpFiles\license.tmp_save
2023-08-20 17:54:50,595 [INFO] CodeEngine:279 - Generated code: C:\Users\phili\Desktop\ITS_2020_BAC2_Microcntroller\04_STM32F303_Nucleo-32\STMProjekt\MXTmpFiles\license.tmp
2023-08-20 17:54:50,718 [INFO] CodeEngine:255 - oldGeneratedFile, C:\Users\phili\Desktop\ITS_2020_BAC2_Microcntroller\04_STM32F303_Nucleo-32\STMProjekt\MXTmpFiles\gpio.tmp_save
2023-08-20 17:54:50,895 [INFO] CodeEngine:279 - Generated code: C:\Users\phili\Desktop\ITS_2020_BAC2_Microcntroller\04_STM32F303_Nucleo-32\STMProjekt\MXTmpFiles\gpio.tmp
2023-08-20 17:54:50,931 [INFO] CodeEngine:255 - oldGeneratedFile, C:\Users\phili\Desktop\ITS_2020_BAC2_Microcntroller\04_STM32F303_Nucleo-32\STMProjekt\Core\Src\stm32f3xx_it.c_save
2023-08-20 17:54:51,324 [INFO] CodeEngine:279 - Generated code: C:\Users\phili\Desktop\ITS_2020_BAC2_Microcntroller\04_STM32F303_Nucleo-32\STMProjekt\Core\Src\stm32f3xx_it.c
2023-08-20 17:54:51,354 [INFO] CodeEngine:255 - oldGeneratedFile, C:\Users\phili\Desktop\ITS_2020_BAC2_Microcntroller\04_STM32F303_Nucleo-32\STMProjekt\Core\Inc\stm32f3xx_it.h_save
2023-08-20 17:54:51,466 [INFO] CodeEngine:279 - Generated code: C:\Users\phili\Desktop\ITS_2020_BAC2_Microcntroller\04_STM32F303_Nucleo-32\STMProjekt\Core\Inc\stm32f3xx_it.h
2023-08-20 17:54:51,505 [INFO] CodeEngine:255 - oldGeneratedFile, C:\Users\phili\Desktop\ITS_2020_BAC2_Microcntroller\04_STM32F303_Nucleo-32\STMProjekt\Core\Src\stm32f3xx_hal_msp.c_save
2023-08-20 17:54:51,685 [INFO] CodeEngine:279 - Generated code: C:\Users\phili\Desktop\ITS_2020_BAC2_Microcntroller\04_STM32F303_Nucleo-32\STMProjekt\Core\Src\stm32f3xx_hal_msp.c
2023-08-20 17:54:51,695 [INFO] CodeEngine:255 - oldGeneratedFile, C:\Users\phili\Desktop\ITS_2020_BAC2_Microcntroller\04_STM32F303_Nucleo-32\STMProjekt\MXTmpFiles\system.tmp_save
2023-08-20 17:54:51,805 [INFO] CodeEngine:279 - Generated code: C:\Users\phili\Desktop\ITS_2020_BAC2_Microcntroller\04_STM32F303_Nucleo-32\STMProjekt\MXTmpFiles\system.tmp
2023-08-20 17:54:51,833 [INFO] CodeEngine:311 - oldGeneratedFile, C:\Users\phili\Desktop\ITS_2020_BAC2_Microcntroller\04_STM32F303_Nucleo-32\STMProjekt\Core\Inc\stm32f3xx_hal_conf.h_save
2023-08-20 17:54:52,014 [INFO] CodeEngine:335 - Generated code: C:\Users\phili\Desktop\ITS_2020_BAC2_Microcntroller\04_STM32F303_Nucleo-32\STMProjekt\Core\Inc\stm32f3xx_hal_conf.h
2023-08-20 17:54:52,076 [INFO] CodeEngine:255 - oldGeneratedFile, C:\Users\phili\Desktop\ITS_2020_BAC2_Microcntroller\04_STM32F303_Nucleo-32\STMProjekt\Core\Inc\main.h_save
2023-08-20 17:54:52,215 [INFO] CodeEngine:279 - Generated code: C:\Users\phili\Desktop\ITS_2020_BAC2_Microcntroller\04_STM32F303_Nucleo-32\STMProjekt\Core\Inc\main.h
2023-08-20 17:54:52,235 [INFO] CodeEngine:255 - oldGeneratedFile, C:\Users\phili\Desktop\ITS_2020_BAC2_Microcntroller\04_STM32F303_Nucleo-32\STMProjekt\Core\Src\main.c_save
2023-08-20 17:54:52,377 [INFO] CodeEngine:279 - Generated code: C:\Users\phili\Desktop\ITS_2020_BAC2_Microcntroller\04_STM32F303_Nucleo-32\STMProjekt\Core\Src\main.c
2023-08-20 17:54:53,236 [INFO] ProjectBuilder:2996 - Time for Copy HAL[1] : 189mS.
2023-08-20 17:54:53,241 [INFO] ProjectBuilder:4304 - Project Generator version: 3.19.2
2023-08-20 17:54:53,699 [INFO] ConfigFileManager:1483 - The Die is : DIE438
2023-08-20 17:54:56,441 [INFO] ProjectBuilder:4505 - Time for Generating toolchain IDE Files: 3200mS.
2023-08-20 17:54:56,442 [INFO] ProjectBuilder:2867 - Time for Copy CMSIS : 1mS.
2023-08-20 17:54:56,453 [INFO] ProjectBuilder:2867 - Time for Copy CMSIS : 0mS.
